CRITICAL - 2024-04-25 08:01:16 --> ErrorException: Undefined variable: pathCheckSNArray
in APPPATH/Views/admin/layout/template_finance_new.php on line 115.
 1 APPPATH/Views/admin/layout/template_finance_new.php(115): CodeIgniter\Debug\Exceptions->errorHandler(8, 'Undefined variable: pathCheckSNArray', '/Users/babayhalimi/AKU/Project/Eps/eps-web/app/Views/admin/layout/template_finance_new.php', 115, [...])
 2 SYSTEMPATH/View/View.php(228): include('/Users/babayhalimi/AKU/Project/Eps/eps-web/app/Views/admin/layout/template_finance_new.php')
 3 SYSTEMPATH/View/View.php(231): CodeIgniter\View\View->CodeIgniter\View\{closure}()
 4 SYSTEMPATH/View/View.php(244): CodeIgniter\View\View->render('admin/layout/template_finance_new', [], true)
 5 SYSTEMPATH/Common.php(1178): CodeIgniter\View\View->render('admin/finance/supplier/view', [], true)
 6 APPPATH/Controllers/Finance/Supplier.php(36): view('admin/finance/supplier/view', [...])
 7 SYSTEMPATH/CodeIgniter.php(941): App\Controllers\Finance\Supplier->GetAll()
 8 SYSTEMPATH/CodeIgniter.php(502): CodeIgniter\CodeIgniter->runController(Object(App\Controllers\Finance\Supplier))
 9 SYSTEMPATH/CodeIgniter.php(361): CodeIgniter\CodeIgniter->handleRequest(null, Object(Config\Cache), false)
10 FCPATH/index.php(79): CodeIgniter\CodeIgniter->run()
11 SYSTEMPATH/Commands/Server/rewrite.php(47): require_once('/Users/babayhalimi/AKU/Project/Eps/eps-web/public/index.php')
CRITICAL - 2024-04-25 08:19:30 --> ErrorException: Undefined variable: pathArray
in APPPATH/Views/admin/layout/template_finance_new.php on line 101.
 1 APPPATH/Views/admin/layout/template_finance_new.php(101): CodeIgniter\Debug\Exceptions->errorHandler(8, 'Undefined variable: pathArray', '/Users/babayhalimi/AKU/Project/Eps/eps-web/app/Views/admin/layout/template_finance_new.php', 101, [...])
 2 SYSTEMPATH/View/View.php(228): include('/Users/babayhalimi/AKU/Project/Eps/eps-web/app/Views/admin/layout/template_finance_new.php')
 3 SYSTEMPATH/View/View.php(231): CodeIgniter\View\View->CodeIgniter\View\{closure}()
 4 SYSTEMPATH/View/View.php(244): CodeIgniter\View\View->render('admin/layout/template_finance_new', [], true)
 5 SYSTEMPATH/Common.php(1178): CodeIgniter\View\View->render('admin/finance/deposit/create', [], true)
 6 APPPATH/Controllers/Finance/Deposit.php(16): view('admin/finance/deposit/create', [...])
 7 SYSTEMPATH/CodeIgniter.php(941): App\Controllers\Finance\Deposit->Add()
 8 SYSTEMPATH/CodeIgniter.php(502): CodeIgniter\CodeIgniter->runController(Object(App\Controllers\Finance\Deposit))
 9 SYSTEMPATH/CodeIgniter.php(361): CodeIgniter\CodeIgniter->handleRequest(null, Object(Config\Cache), false)
10 FCPATH/index.php(79): CodeIgniter\CodeIgniter->run()
11 SYSTEMPATH/Commands/Server/rewrite.php(47): require_once('/Users/babayhalimi/AKU/Project/Eps/eps-web/public/index.php')
CRITICAL - 2024-04-25 08:19:32 --> ErrorException: Undefined variable: pathArray
in APPPATH/Views/admin/layout/template_finance_new.php on line 101.
 1 APPPATH/Views/admin/layout/template_finance_new.php(101): CodeIgniter\Debug\Exceptions->errorHandler(8, 'Undefined variable: pathArray', '/Users/babayhalimi/AKU/Project/Eps/eps-web/app/Views/admin/layout/template_finance_new.php', 101, [...])
 2 SYSTEMPATH/View/View.php(228): include('/Users/babayhalimi/AKU/Project/Eps/eps-web/app/Views/admin/layout/template_finance_new.php')
 3 SYSTEMPATH/View/View.php(231): CodeIgniter\View\View->CodeIgniter\View\{closure}()
 4 SYSTEMPATH/View/View.php(244): CodeIgniter\View\View->render('admin/layout/template_finance_new', [], true)
 5 SYSTEMPATH/Common.php(1178): CodeIgniter\View\View->render('admin/finance/deposit/create', [], true)
 6 APPPATH/Controllers/Finance/Deposit.php(16): view('admin/finance/deposit/create', [...])
 7 SYSTEMPATH/CodeIgniter.php(941): App\Controllers\Finance\Deposit->Add()
 8 SYSTEMPATH/CodeIgniter.php(502): CodeIgniter\CodeIgniter->runController(Object(App\Controllers\Finance\Deposit))
 9 SYSTEMPATH/CodeIgniter.php(361): CodeIgniter\CodeIgniter->handleRequest(null, Object(Config\Cache), false)
10 FCPATH/index.php(79): CodeIgniter\CodeIgniter->run()
11 SYSTEMPATH/Commands/Server/rewrite.php(47): require_once('/Users/babayhalimi/AKU/Project/Eps/eps-web/public/index.php')
CRITICAL - 2024-04-25 10:42:49 --> ErrorException: Undefined index: id
in APPPATH/Views/admin/finance/deposit/form_reply.php on line 14.
 1 APPPATH/Views/admin/finance/deposit/form_reply.php(14): CodeIgniter\Debug\Exceptions->errorHandler(8, 'Undefined index: id', '/Users/babayhalimi/AKU/Project/Eps/eps-web/app/Views/admin/finance/deposit/form_reply.php', 14, [...])
 2 SYSTEMPATH/View/View.php(228): include('/Users/babayhalimi/AKU/Project/Eps/eps-web/app/Views/admin/finance/deposit/form_reply.php')
 3 SYSTEMPATH/View/View.php(231): CodeIgniter\View\View->CodeIgniter\View\{closure}()
 4 SYSTEMPATH/Common.php(1178): CodeIgniter\View\View->render('admin/finance/deposit/form_reply', [], true)
 5 APPPATH/Controllers/Finance/Deposit.php(245): view('admin/finance/deposit/form_reply', [...])
 6 SYSTEMPATH/CodeIgniter.php(941): App\Controllers\Finance\Deposit->AddReply('da', 1587)
 7 SYSTEMPATH/CodeIgniter.php(502): CodeIgniter\CodeIgniter->runController(Object(App\Controllers\Finance\Deposit))
 8 SYSTEMPATH/CodeIgniter.php(361): CodeIgniter\CodeIgniter->handleRequest(null, Object(Config\Cache), false)
 9 FCPATH/index.php(79): CodeIgniter\CodeIgniter->run()
10 SYSTEMPATH/Commands/Server/rewrite.php(47): require_once('/Users/babayhalimi/AKU/Project/Eps/eps-web/public/index.php')
