CRITICAL - 2024-05-05 06:53:22 --> ErrorException: Undefined offset: 0
in APPPATH/Views/admin/dashboard/check_laba_rugi.php on line 26.
 1 APPPATH/Views/admin/dashboard/check_laba_rugi.php(26): CodeIgniter\Debug\Exceptions->errorHandler(8, 'Undefined offset: 0', '/Users/babayhalimi/AKU/Project/Eps/eps-web/app/Views/admin/dashboard/check_laba_rugi.php', 26, [...])
 2 SYSTEMPATH/View/View.php(228): include('/Users/babayhalimi/AKU/Project/Eps/eps-web/app/Views/admin/dashboard/check_laba_rugi.php')
 3 SYSTEMPATH/View/View.php(231): CodeIgniter\View\View->CodeIgniter\View\{closure}()
 4 SYSTEMPATH/Common.php(1178): CodeIgniter\View\View->render('admin/dashboard/check_laba_rugi', [], true)
 5 APPPATH/Controllers/Reseller.php(114): view('admin/dashboard/check_laba_rugi', [...])
 6 SYSTEMPATH/CodeIgniter.php(941): App\Controllers\Reseller->Labarugi('ra')
 7 SYSTEMPATH/CodeIgniter.php(502): CodeIgniter\CodeIgniter->runController(Object(App\Controllers\Reseller))
 8 SYSTEMPATH/CodeIgniter.php(361): CodeIgniter\CodeIgniter->handleRequest(null, Object(Config\Cache), false)
 9 FCPATH/index.php(79): CodeIgniter\CodeIgniter->run()
10 SYSTEMPATH/Commands/Server/rewrite.php(47): require_once('/Users/babayhalimi/AKU/Project/Eps/eps-web/public/index.php')
CRITICAL - 2024-05-05 06:56:42 --> ErrorException: Undefined offset: 0
in APPPATH/Views/admin/dashboard/check_laba_rugi.php on line 26.
 1 APPPATH/Views/admin/dashboard/check_laba_rugi.php(26): CodeIgniter\Debug\Exceptions->errorHandler(8, 'Undefined offset: 0', '/Users/babayhalimi/AKU/Project/Eps/eps-web/app/Views/admin/dashboard/check_laba_rugi.php', 26, [...])
 2 SYSTEMPATH/View/View.php(228): include('/Users/babayhalimi/AKU/Project/Eps/eps-web/app/Views/admin/dashboard/check_laba_rugi.php')
 3 SYSTEMPATH/View/View.php(231): CodeIgniter\View\View->CodeIgniter\View\{closure}()
 4 SYSTEMPATH/Common.php(1178): CodeIgniter\View\View->render('admin/dashboard/check_laba_rugi', [], true)
 5 APPPATH/Controllers/Reseller.php(114): view('admin/dashboard/check_laba_rugi', [...])
 6 SYSTEMPATH/CodeIgniter.php(941): App\Controllers\Reseller->Labarugi('ra')
 7 SYSTEMPATH/CodeIgniter.php(502): CodeIgniter\CodeIgniter->runController(Object(App\Controllers\Reseller))
 8 SYSTEMPATH/CodeIgniter.php(361): CodeIgniter\CodeIgniter->handleRequest(null, Object(Config\Cache), false)
 9 FCPATH/index.php(79): CodeIgniter\CodeIgniter->run()
10 SYSTEMPATH/Commands/Server/rewrite.php(47): require_once('/Users/babayhalimi/AKU/Project/Eps/eps-web/public/index.php')
CRITICAL - 2024-05-05 07:12:15 --> ArgumentCountError: Too few arguments to function App\Controllers\Reseller::Labarugi(), 0 passed in /Users/babayhalimi/AKU/Project/Eps/eps-web/system/CodeIgniter.php on line 941 and exactly 1 expected
in APPPATH/Controllers/Reseller.php on line 95.
 1 SYSTEMPATH/CodeIgniter.php(941): App\Controllers\Reseller->Labarugi()
 2 SYSTEMPATH/CodeIgniter.php(502): CodeIgniter\CodeIgniter->runController(Object(App\Controllers\Reseller))
 3 SYSTEMPATH/CodeIgniter.php(361): CodeIgniter\CodeIgniter->handleRequest(null, Object(Config\Cache), false)
 4 FCPATH/index.php(79): CodeIgniter\CodeIgniter->run()
 5 SYSTEMPATH/Commands/Server/rewrite.php(47): require_once('/Users/babayhalimi/AKU/Project/Eps/eps-web/public/index.php')
CRITICAL - 2024-05-05 07:30:12 --> ErrorException: Undefined index: nama
in APPPATH/Views/admin/dashboard/reseller_view.php on line 55.
 1 APPPATH/Views/admin/dashboard/reseller_view.php(55): CodeIgniter\Debug\Exceptions->errorHandler(8, 'Undefined index: nama', '/Users/babayhalimi/AKU/Project/Eps/eps-web/app/Views/admin/dashboard/reseller_view.php', 55, [...])
 2 SYSTEMPATH/View/View.php(228): include('/Users/babayhalimi/AKU/Project/Eps/eps-web/app/Views/admin/dashboard/reseller_view.php')
 3 SYSTEMPATH/View/View.php(231): CodeIgniter\View\View->CodeIgniter\View\{closure}()
 4 SYSTEMPATH/Common.php(1178): CodeIgniter\View\View->render('admin/dashboard/reseller_view', [], true)
 5 APPPATH/Controllers/Reseller.php(70): view('admin/dashboard/reseller_view', [...])
 6 SYSTEMPATH/CodeIgniter.php(941): App\Controllers\Reseller->GetLaba('ra')
 7 SYSTEMPATH/CodeIgniter.php(502): CodeIgniter\CodeIgniter->runController(Object(App\Controllers\Reseller))
 8 SYSTEMPATH/CodeIgniter.php(361): CodeIgniter\CodeIgniter->handleRequest(null, Object(Config\Cache), false)
 9 FCPATH/index.php(79): CodeIgniter\CodeIgniter->run()
10 SYSTEMPATH/Commands/Server/rewrite.php(47): require_once('/Users/babayhalimi/AKU/Project/Eps/eps-web/public/index.php')
CRITICAL - 2024-05-05 07:30:42 --> ErrorException: Undefined index: nama
in APPPATH/Views/admin/dashboard/reseller_view.php on line 55.
 1 APPPATH/Views/admin/dashboard/reseller_view.php(55): CodeIgniter\Debug\Exceptions->errorHandler(8, 'Undefined index: nama', '/Users/babayhalimi/AKU/Project/Eps/eps-web/app/Views/admin/dashboard/reseller_view.php', 55, [...])
 2 SYSTEMPATH/View/View.php(228): include('/Users/babayhalimi/AKU/Project/Eps/eps-web/app/Views/admin/dashboard/reseller_view.php')
 3 SYSTEMPATH/View/View.php(231): CodeIgniter\View\View->CodeIgniter\View\{closure}()
 4 SYSTEMPATH/Common.php(1178): CodeIgniter\View\View->render('admin/dashboard/reseller_view', [], true)
 5 APPPATH/Controllers/Reseller.php(70): view('admin/dashboard/reseller_view', [...])
 6 SYSTEMPATH/CodeIgniter.php(941): App\Controllers\Reseller->GetLaba('ra')
 7 SYSTEMPATH/CodeIgniter.php(502): CodeIgniter\CodeIgniter->runController(Object(App\Controllers\Reseller))
 8 SYSTEMPATH/CodeIgniter.php(361): CodeIgniter\CodeIgniter->handleRequest(null, Object(Config\Cache), false)
 9 FCPATH/index.php(79): CodeIgniter\CodeIgniter->run()
10 SYSTEMPATH/Commands/Server/rewrite.php(47): require_once('/Users/babayhalimi/AKU/Project/Eps/eps-web/public/index.php')
