CRITICAL - 2024-04-18 07:20:55 --> ErrorException: Undefined index: nama
in APPPATH/Views/admin/dashboard/reseller_view.php on line 50.
 1 APPPATH/Views/admin/dashboard/reseller_view.php(50): CodeIgniter\Debug\Exceptions->errorHandler(8, 'Undefined index: nama', '/Users/babayhalimi/AKU/Project/Eps/eps-web/app/Views/admin/dashboard/reseller_view.php', 50, [...])
 2 SYSTEMPATH/View/View.php(228): include('/Users/babayhalimi/AKU/Project/Eps/eps-web/app/Views/admin/dashboard/reseller_view.php')
 3 SYSTEMPATH/View/View.php(231): CodeIgniter\View\View->CodeIgniter\View\{closure}()
 4 SYSTEMPATH/Common.php(1178): CodeIgniter\View\View->render('admin/dashboard/reseller_view', [], true)
 5 APPPATH/Controllers/Reseller.php(61): view('admin/dashboard/reseller_view', [...])
 6 SYSTEMPATH/CodeIgniter.php(941): App\Controllers\Reseller->GetLaba('ra')
 7 SYSTEMPATH/CodeIgniter.php(502): CodeIgniter\CodeIgniter->runController(Object(App\Controllers\Reseller))
 8 SYSTEMPATH/CodeIgniter.php(361): CodeIgniter\CodeIgniter->handleRequest(null, Object(Config\Cache), false)
 9 FCPATH/index.php(79): CodeIgniter\CodeIgniter->run()
10 SYSTEMPATH/Commands/Server/rewrite.php(47): require_once('/Users/babayhalimi/AKU/Project/Eps/eps-web/public/index.php')
CRITICAL - 2024-04-18 07:21:08 --> ErrorException: Undefined index: nama
in APPPATH/Views/admin/dashboard/reseller_view.php on line 50.
 1 APPPATH/Views/admin/dashboard/reseller_view.php(50): CodeIgniter\Debug\Exceptions->errorHandler(8, 'Undefined index: nama', '/Users/babayhalimi/AKU/Project/Eps/eps-web/app/Views/admin/dashboard/reseller_view.php', 50, [...])
 2 SYSTEMPATH/View/View.php(228): include('/Users/babayhalimi/AKU/Project/Eps/eps-web/app/Views/admin/dashboard/reseller_view.php')
 3 SYSTEMPATH/View/View.php(231): CodeIgniter\View\View->CodeIgniter\View\{closure}()
 4 SYSTEMPATH/Common.php(1178): CodeIgniter\View\View->render('admin/dashboard/reseller_view', [], true)
 5 APPPATH/Controllers/Reseller.php(61): view('admin/dashboard/reseller_view', [...])
 6 SYSTEMPATH/CodeIgniter.php(941): App\Controllers\Reseller->GetLaba('ra')
 7 SYSTEMPATH/CodeIgniter.php(502): CodeIgniter\CodeIgniter->runController(Object(App\Controllers\Reseller))
 8 SYSTEMPATH/CodeIgniter.php(361): CodeIgniter\CodeIgniter->handleRequest(null, Object(Config\Cache), false)
 9 FCPATH/index.php(79): CodeIgniter\CodeIgniter->run()
10 SYSTEMPATH/Commands/Server/rewrite.php(47): require_once('/Users/babayhalimi/AKU/Project/Eps/eps-web/public/index.php')
CRITICAL - 2024-04-18 07:24:11 --> ErrorException: Undefined variable: arrAmazon
in APPPATH/Views/admin/layout/template_finance.php on line 103.
 1 APPPATH/Views/admin/layout/template_finance.php(103): CodeIgniter\Debug\Exceptions->errorHandler(8, 'Undefined variable: arrAmazon', '/Users/babayhalimi/AKU/Project/Eps/eps-web/app/Views/admin/layout/template_finance.php', 103, [...])
 2 SYSTEMPATH/View/View.php(228): include('/Users/babayhalimi/AKU/Project/Eps/eps-web/app/Views/admin/layout/template_finance.php')
 3 SYSTEMPATH/View/View.php(231): CodeIgniter\View\View->CodeIgniter\View\{closure}()
 4 SYSTEMPATH/View/View.php(244): CodeIgniter\View\View->render('admin/layout/template_finance', [], true)
 5 SYSTEMPATH/Common.php(1178): CodeIgniter\View\View->render('admin/finance/supplier/view', [], true)
 6 APPPATH/Controllers/Finance/Supplier.php(36): view('admin/finance/supplier/view', [...])
 7 SYSTEMPATH/CodeIgniter.php(941): App\Controllers\Finance\Supplier->GetAll()
 8 SYSTEMPATH/CodeIgniter.php(502): CodeIgniter\CodeIgniter->runController(Object(App\Controllers\Finance\Supplier))
 9 SYSTEMPATH/CodeIgniter.php(361): CodeIgniter\CodeIgniter->handleRequest(null, Object(Config\Cache), false)
10 FCPATH/index.php(79): CodeIgniter\CodeIgniter->run()
11 SYSTEMPATH/Commands/Server/rewrite.php(47): require_once('/Users/babayhalimi/AKU/Project/Eps/eps-web/public/index.php')
CRITICAL - 2024-04-18 07:29:59 --> ParseError: syntax error, unexpected '<<' (T_SL)
in APPPATH/Controllers/Reseller.php on line 15.
 1 SYSTEMPATH/Autoloader/Autoloader.php(288): CodeIgniter\Autoloader\Autoloader->includeFile('/Users/babayhalimi/AKU/Project/Eps/eps-web/app/Controllers/Reseller.php')
 2 SYSTEMPATH/Autoloader/Autoloader.php(266): CodeIgniter\Autoloader\Autoloader->loadInNamespace('App\\Controllers\\Reseller')
 3 [internal function]: CodeIgniter\Autoloader\Autoloader->loadClass('App\\Controllers\\Reseller')
 4 [internal function]: spl_autoload_call('App\\Controllers\\Reseller')
 5 SYSTEMPATH/CodeIgniter.php(899): class_exists('\\App\\Controllers\\Reseller', true)
 6 SYSTEMPATH/CodeIgniter.php(489): CodeIgniter\CodeIgniter->startController()
 7 SYSTEMPATH/CodeIgniter.php(361): CodeIgniter\CodeIgniter->handleRequest(null, Object(Config\Cache), false)
 8 FCPATH/index.php(79): CodeIgniter\CodeIgniter->run()
 9 SYSTEMPATH/Commands/Server/rewrite.php(47): require_once('/Users/babayhalimi/AKU/Project/Eps/eps-web/public/index.php')
CRITICAL - 2024-04-18 07:30:54 --> ErrorException: Undefined index: nama
in APPPATH/Views/admin/dashboard/reseller_view.php on line 51.
 1 APPPATH/Views/admin/dashboard/reseller_view.php(51): CodeIgniter\Debug\Exceptions->errorHandler(8, 'Undefined index: nama', '/Users/babayhalimi/AKU/Project/Eps/eps-web/app/Views/admin/dashboard/reseller_view.php', 51, [...])
 2 SYSTEMPATH/View/View.php(228): include('/Users/babayhalimi/AKU/Project/Eps/eps-web/app/Views/admin/dashboard/reseller_view.php')
 3 SYSTEMPATH/View/View.php(231): CodeIgniter\View\View->CodeIgniter\View\{closure}()
 4 SYSTEMPATH/Common.php(1178): CodeIgniter\View\View->render('admin/dashboard/reseller_view', [], true)
 5 APPPATH/Controllers/Reseller.php(61): view('admin/dashboard/reseller_view', [...])
 6 SYSTEMPATH/CodeIgniter.php(941): App\Controllers\Reseller->GetLaba('ra')
 7 SYSTEMPATH/CodeIgniter.php(502): CodeIgniter\CodeIgniter->runController(Object(App\Controllers\Reseller))
 8 SYSTEMPATH/CodeIgniter.php(361): CodeIgniter\CodeIgniter->handleRequest(null, Object(Config\Cache), false)
 9 FCPATH/index.php(79): CodeIgniter\CodeIgniter->run()
10 SYSTEMPATH/Commands/Server/rewrite.php(47): require_once('/Users/babayhalimi/AKU/Project/Eps/eps-web/public/index.php')
CRITICAL - 2024-04-18 07:30:57 --> ErrorException: Undefined index: nama
in APPPATH/Views/admin/dashboard/reseller_view.php on line 51.
 1 APPPATH/Views/admin/dashboard/reseller_view.php(51): CodeIgniter\Debug\Exceptions->errorHandler(8, 'Undefined index: nama', '/Users/babayhalimi/AKU/Project/Eps/eps-web/app/Views/admin/dashboard/reseller_view.php', 51, [...])
 2 SYSTEMPATH/View/View.php(228): include('/Users/babayhalimi/AKU/Project/Eps/eps-web/app/Views/admin/dashboard/reseller_view.php')
 3 SYSTEMPATH/View/View.php(231): CodeIgniter\View\View->CodeIgniter\View\{closure}()
 4 SYSTEMPATH/Common.php(1178): CodeIgniter\View\View->render('admin/dashboard/reseller_view', [], true)
 5 APPPATH/Controllers/Reseller.php(61): view('admin/dashboard/reseller_view', [...])
 6 SYSTEMPATH/CodeIgniter.php(941): App\Controllers\Reseller->GetLaba('ra')
 7 SYSTEMPATH/CodeIgniter.php(502): CodeIgniter\CodeIgniter->runController(Object(App\Controllers\Reseller))
 8 SYSTEMPATH/CodeIgniter.php(361): CodeIgniter\CodeIgniter->handleRequest(null, Object(Config\Cache), false)
 9 FCPATH/index.php(79): CodeIgniter\CodeIgniter->run()
10 SYSTEMPATH/Commands/Server/rewrite.php(47): require_once('/Users/babayhalimi/AKU/Project/Eps/eps-web/public/index.php')
CRITICAL - 2024-04-18 07:36:00 --> CodeIgniter\View\Exceptions\ViewException: Invalid file: "admin/finance/supplier/view.php"
in SYSTEMPATH/Exceptions/FrameworkException.php on line 39.
 1 SYSTEMPATH/View/View.php(216): CodeIgniter\Exceptions\FrameworkException::forInvalidFile('admin/finance/supplier/view.php')
 2 SYSTEMPATH/Common.php(1178): CodeIgniter\View\View->render('admin/finance/supplier/view', [], true)
 3 APPPATH/Controllers/Finance/Supplier.php(36): view('admin/finance/supplier/view', [...])
 4 SYSTEMPATH/CodeIgniter.php(941): App\Controllers\Finance\Supplier->GetAll()
 5 SYSTEMPATH/CodeIgniter.php(502): CodeIgniter\CodeIgniter->runController(Object(App\Controllers\Finance\Supplier))
 6 SYSTEMPATH/CodeIgniter.php(361): CodeIgniter\CodeIgniter->handleRequest(null, Object(Config\Cache), false)
 7 FCPATH/index.php(79): CodeIgniter\CodeIgniter->run()
 8 SYSTEMPATH/Commands/Server/rewrite.php(47): require_once('/Users/babayhalimi/AKU/Project/Eps/eps-web/public/index.php')
CRITICAL - 2024-04-18 07:39:00 --> CodeIgniter\View\Exceptions\ViewException: Invalid file: "admin/finance/supplier/view.php"
in SYSTEMPATH/Exceptions/FrameworkException.php on line 39.
 1 SYSTEMPATH/View/View.php(216): CodeIgniter\Exceptions\FrameworkException::forInvalidFile('admin/finance/supplier/view.php')
 2 SYSTEMPATH/Common.php(1178): CodeIgniter\View\View->render('admin/finance/supplier/view', [], true)
 3 APPPATH/Controllers/Finance/Supplier.php(36): view('admin/finance/supplier/view', [...])
 4 SYSTEMPATH/CodeIgniter.php(941): App\Controllers\Finance\Supplier->GetAll()
 5 SYSTEMPATH/CodeIgniter.php(502): CodeIgniter\CodeIgniter->runController(Object(App\Controllers\Finance\Supplier))
 6 SYSTEMPATH/CodeIgniter.php(361): CodeIgniter\CodeIgniter->handleRequest(null, Object(Config\Cache), false)
 7 FCPATH/index.php(79): CodeIgniter\CodeIgniter->run()
 8 SYSTEMPATH/Commands/Server/rewrite.php(47): require_once('/Users/babayhalimi/AKU/Project/Eps/eps-web/public/index.php')
CRITICAL - 2024-04-18 10:48:26 --> CodeIgniter\View\Exceptions\ViewException: Invalid file: "admin/finance/supplier/view.php"
in SYSTEMPATH/Exceptions/FrameworkException.php on line 39.
 1 SYSTEMPATH/View/View.php(216): CodeIgniter\Exceptions\FrameworkException::forInvalidFile('admin/finance/supplier/view.php')
 2 SYSTEMPATH/Common.php(1178): CodeIgniter\View\View->render('admin/finance/supplier/view', [], true)
 3 APPPATH/Controllers/Finance/Supplier.php(36): view('admin/finance/supplier/view', [...])
 4 SYSTEMPATH/CodeIgniter.php(941): App\Controllers\Finance\Supplier->GetAll()
 5 SYSTEMPATH/CodeIgniter.php(502): CodeIgniter\CodeIgniter->runController(Object(App\Controllers\Finance\Supplier))
 6 SYSTEMPATH/CodeIgniter.php(361): CodeIgniter\CodeIgniter->handleRequest(null, Object(Config\Cache), false)
 7 FCPATH/index.php(79): CodeIgniter\CodeIgniter->run()
 8 SYSTEMPATH/Commands/Server/rewrite.php(47): require_once('/Users/babayhalimi/AKU/Project/Eps/eps-web/public/index.php')
CRITICAL - 2024-04-18 10:51:16 --> CodeIgniter\View\Exceptions\ViewException: Invalid file: "admin/finance/supplier/view.php"
in SYSTEMPATH/Exceptions/FrameworkException.php on line 39.
 1 SYSTEMPATH/View/View.php(216): CodeIgniter\Exceptions\FrameworkException::forInvalidFile('admin/finance/supplier/view.php')
 2 SYSTEMPATH/Common.php(1178): CodeIgniter\View\View->render('admin/finance/supplier/view', [], true)
 3 APPPATH/Controllers/Finance/Supplier.php(36): view('admin/finance/supplier/view', [...])
 4 SYSTEMPATH/CodeIgniter.php(941): App\Controllers\Finance\Supplier->GetAll()
 5 SYSTEMPATH/CodeIgniter.php(502): CodeIgniter\CodeIgniter->runController(Object(App\Controllers\Finance\Supplier))
 6 SYSTEMPATH/CodeIgniter.php(361): CodeIgniter\CodeIgniter->handleRequest(null, Object(Config\Cache), false)
 7 FCPATH/index.php(79): CodeIgniter\CodeIgniter->run()
 8 SYSTEMPATH/Commands/Server/rewrite.php(47): require_once('/Users/babayhalimi/AKU/Project/Eps/eps-web/public/index.php')
CRITICAL - 2024-04-18 10:53:26 --> CodeIgniter\View\Exceptions\ViewException: Invalid file: "admin/finance/deposit/transaksi.php"
in SYSTEMPATH/Exceptions/FrameworkException.php on line 39.
 1 SYSTEMPATH/View/View.php(216): CodeIgniter\Exceptions\FrameworkException::forInvalidFile('admin/finance/deposit/transaksi.php')
 2 SYSTEMPATH/Common.php(1178): CodeIgniter\View\View->render('admin/finance/deposit/transaksi', [], true)
 3 APPPATH/Controllers/Finance/Deposit.php(162): view('admin/finance/deposit/transaksi', [...])
 4 SYSTEMPATH/CodeIgniter.php(941): App\Controllers\Finance\Deposit->DataTransaksi()
 5 SYSTEMPATH/CodeIgniter.php(502): CodeIgniter\CodeIgniter->runController(Object(App\Controllers\Finance\Deposit))
 6 SYSTEMPATH/CodeIgniter.php(361): CodeIgniter\CodeIgniter->handleRequest(null, Object(Config\Cache), false)
 7 FCPATH/index.php(79): CodeIgniter\CodeIgniter->run()
 8 SYSTEMPATH/Commands/Server/rewrite.php(47): require_once('/Users/babayhalimi/AKU/Project/Eps/eps-web/public/index.php')
