ERROR - 2024-01-31 16:26:25 --> Error connecting to the database: mysqli_sql_exception: No such file or directory in /Users/daniismail/Documents/eps/code/eps-web/system/Database/MySQLi/Connection.php:185
Stack trace:
#0 /Users/daniismail/Documents/eps/code/eps-web/system/Database/MySQLi/Connection.php(185): mysqli->real_connect('localhost', 'epsxpayc_user1', 'passworduser1', 'epsxpayc_dev', 3306, '', 0)
#1 /Users/daniismail/Documents/eps/code/eps-web/system/Database/BaseConnection.php(392): CodeIgniter\Database\MySQLi\Connection->connect(false)
#2 /Users/daniismail/Documents/eps/code/eps-web/system/Database/BaseConnection.php(575): CodeIgniter\Database\BaseConnection->initialize()
#3 /Users/daniismail/Documents/eps/code/eps-web/system/Database/BaseBuilder.php(1613): CodeIgniter\Database\BaseConnection->query('SELECT *\nFROM `...', Array, false)
#4 /Users/daniismail/Documents/eps/code/eps-web/system/Model.php(242): CodeIgniter\Database\BaseBuilder->get()
#5 /Users/daniismail/Documents/eps/code/eps-web/system/BaseModel.php(638): CodeIgniter\Model->doFindAll(0, 0)
#6 /Users/daniismail/Documents/eps/code/eps-web/app/Controllers/Home.php(26): CodeIgniter\BaseModel->findAll()
#7 /Users/daniismail/Documents/eps/code/eps-web/app/Controllers/Home.php(17): App\Controllers\Home->index()
#8 /Users/daniismail/Documents/eps/code/eps-web/system/CodeIgniter.php(941): App\Controllers\Home->getProduct()
#9 /Users/daniismail/Documents/eps/code/eps-web/system/CodeIgniter.php(502): CodeIgniter\CodeIgniter->runController(Object(App\Controllers\Home))
#10 /Users/daniismail/Documents/eps/code/eps-web/system/CodeIgniter.php(361): CodeIgniter\CodeIgniter->handleRequest(NULL, Object(Config\Cache), false)
#11 /Users/daniismail/Documents/eps/code/eps-web/public/index.php(79): CodeIgniter\CodeIgniter->run()
#12 /Users/daniismail/Documents/eps/code/eps-web/system/Commands/Server/rewrite.php(47): require_once('/Users/daniisma...')
#13 {main}

Next CodeIgniter\Database\Exceptions\DatabaseException: No such file or directory in /Users/daniismail/Documents/eps/code/eps-web/system/Database/MySQLi/Connection.php:229
Stack trace:
#0 /Users/daniismail/Documents/eps/code/eps-web/system/Database/BaseConnection.php(392): CodeIgniter\Database\MySQLi\Connection->connect(false)
#1 /Users/daniismail/Documents/eps/code/eps-web/system/Database/BaseConnection.php(575): CodeIgniter\Database\BaseConnection->initialize()
#2 /Users/daniismail/Documents/eps/code/eps-web/system/Database/BaseBuilder.php(1613): CodeIgniter\Database\BaseConnection->query('SELECT *\nFROM `...', Array, false)
#3 /Users/daniismail/Documents/eps/code/eps-web/system/Model.php(242): CodeIgniter\Database\BaseBuilder->get()
#4 /Users/daniismail/Documents/eps/code/eps-web/system/BaseModel.php(638): CodeIgniter\Model->doFindAll(0, 0)
#5 /Users/daniismail/Documents/eps/code/eps-web/app/Controllers/Home.php(26): CodeIgniter\BaseModel->findAll()
#6 /Users/daniismail/Documents/eps/code/eps-web/app/Controllers/Home.php(17): App\Controllers\Home->index()
#7 /Users/daniismail/Documents/eps/code/eps-web/system/CodeIgniter.php(941): App\Controllers\Home->getProduct()
#8 /Users/daniismail/Documents/eps/code/eps-web/system/CodeIgniter.php(502): CodeIgniter\CodeIgniter->runController(Object(App\Controllers\Home))
#9 /Users/daniismail/Documents/eps/code/eps-web/system/CodeIgniter.php(361): CodeIgniter\CodeIgniter->handleRequest(NULL, Object(Config\Cache), false)
#10 /Users/daniismail/Documents/eps/code/eps-web/public/index.php(79): CodeIgniter\CodeIgniter->run()
#11 /Users/daniismail/Documents/eps/code/eps-web/system/Commands/Server/rewrite.php(47): require_once('/Users/daniisma...')
#12 {main}
CRITICAL - 2024-01-31 16:26:25 --> CodeIgniter\Database\Exceptions\DatabaseException: Unable to connect to the database.
Main connection [MySQLi]: No such file or directory
in SYSTEMPATH/Database/BaseConnection.php on line 428.
 1 SYSTEMPATH/Database/BaseConnection.php(575): CodeIgniter\Database\BaseConnection->initialize()
 2 SYSTEMPATH/Database/BaseBuilder.php(1613): CodeIgniter\Database\BaseConnection->query('SELECT *
FROM `providers`
ORDER BY `name` ASC', [], false)
 3 SYSTEMPATH/Model.php(242): CodeIgniter\Database\BaseBuilder->get()
 4 SYSTEMPATH/BaseModel.php(638): CodeIgniter\Model->doFindAll(0, 0)
 5 APPPATH/Controllers/Home.php(26): CodeIgniter\BaseModel->findAll()
 6 APPPATH/Controllers/Home.php(17): App\Controllers\Home->index()
 7 SYSTEMPATH/CodeIgniter.php(941): App\Controllers\Home->getProduct()
 8 SYSTEMPATH/CodeIgniter.php(502): CodeIgniter\CodeIgniter->runController(Object(App\Controllers\Home))
 9 SYSTEMPATH/CodeIgniter.php(361): CodeIgniter\CodeIgniter->handleRequest(null, Object(Config\Cache), false)
10 FCPATH/index.php(79): CodeIgniter\CodeIgniter->run()
11 SYSTEMPATH/Commands/Server/rewrite.php(47): require_once('/Users/daniismail/Documents/eps/code/eps-web/public/index.php')
ERROR - 2024-01-31 16:28:42 --> Error connecting to the database: mysqli_sql_exception: No such file or directory in /Users/daniismail/Documents/eps/code/eps-web/system/Database/MySQLi/Connection.php:185
Stack trace:
#0 /Users/daniismail/Documents/eps/code/eps-web/system/Database/MySQLi/Connection.php(185): mysqli->real_connect('localhost', 'epsxpayc_user1', 'passworduser1', 'epsxpayc_dev', 3306, '', 0)
#1 /Users/daniismail/Documents/eps/code/eps-web/system/Database/BaseConnection.php(392): CodeIgniter\Database\MySQLi\Connection->connect(false)
#2 /Users/daniismail/Documents/eps/code/eps-web/system/Database/BaseConnection.php(575): CodeIgniter\Database\BaseConnection->initialize()
#3 /Users/daniismail/Documents/eps/code/eps-web/system/Database/BaseBuilder.php(1613): CodeIgniter\Database\BaseConnection->query('SELECT *\nFROM `...', Array, false)
#4 /Users/daniismail/Documents/eps/code/eps-web/system/Model.php(242): CodeIgniter\Database\BaseBuilder->get()
#5 /Users/daniismail/Documents/eps/code/eps-web/system/BaseModel.php(638): CodeIgniter\Model->doFindAll(0, 0)
#6 /Users/daniismail/Documents/eps/code/eps-web/app/Controllers/Home.php(26): CodeIgniter\BaseModel->findAll()
#7 /Users/daniismail/Documents/eps/code/eps-web/app/Controllers/Home.php(17): App\Controllers\Home->index()
#8 /Users/daniismail/Documents/eps/code/eps-web/system/CodeIgniter.php(941): App\Controllers\Home->getProduct()
#9 /Users/daniismail/Documents/eps/code/eps-web/system/CodeIgniter.php(502): CodeIgniter\CodeIgniter->runController(Object(App\Controllers\Home))
#10 /Users/daniismail/Documents/eps/code/eps-web/system/CodeIgniter.php(361): CodeIgniter\CodeIgniter->handleRequest(NULL, Object(Config\Cache), false)
#11 /Users/daniismail/Documents/eps/code/eps-web/public/index.php(79): CodeIgniter\CodeIgniter->run()
#12 /Users/daniismail/Documents/eps/code/eps-web/system/Commands/Server/rewrite.php(47): require_once('/Users/daniisma...')
#13 {main}

Next CodeIgniter\Database\Exceptions\DatabaseException: No such file or directory in /Users/daniismail/Documents/eps/code/eps-web/system/Database/MySQLi/Connection.php:229
Stack trace:
#0 /Users/daniismail/Documents/eps/code/eps-web/system/Database/BaseConnection.php(392): CodeIgniter\Database\MySQLi\Connection->connect(false)
#1 /Users/daniismail/Documents/eps/code/eps-web/system/Database/BaseConnection.php(575): CodeIgniter\Database\BaseConnection->initialize()
#2 /Users/daniismail/Documents/eps/code/eps-web/system/Database/BaseBuilder.php(1613): CodeIgniter\Database\BaseConnection->query('SELECT *\nFROM `...', Array, false)
#3 /Users/daniismail/Documents/eps/code/eps-web/system/Model.php(242): CodeIgniter\Database\BaseBuilder->get()
#4 /Users/daniismail/Documents/eps/code/eps-web/system/BaseModel.php(638): CodeIgniter\Model->doFindAll(0, 0)
#5 /Users/daniismail/Documents/eps/code/eps-web/app/Controllers/Home.php(26): CodeIgniter\BaseModel->findAll()
#6 /Users/daniismail/Documents/eps/code/eps-web/app/Controllers/Home.php(17): App\Controllers\Home->index()
#7 /Users/daniismail/Documents/eps/code/eps-web/system/CodeIgniter.php(941): App\Controllers\Home->getProduct()
#8 /Users/daniismail/Documents/eps/code/eps-web/system/CodeIgniter.php(502): CodeIgniter\CodeIgniter->runController(Object(App\Controllers\Home))
#9 /Users/daniismail/Documents/eps/code/eps-web/system/CodeIgniter.php(361): CodeIgniter\CodeIgniter->handleRequest(NULL, Object(Config\Cache), false)
#10 /Users/daniismail/Documents/eps/code/eps-web/public/index.php(79): CodeIgniter\CodeIgniter->run()
#11 /Users/daniismail/Documents/eps/code/eps-web/system/Commands/Server/rewrite.php(47): require_once('/Users/daniisma...')
#12 {main}
CRITICAL - 2024-01-31 16:28:42 --> CodeIgniter\Database\Exceptions\DatabaseException: Unable to connect to the database.
Main connection [MySQLi]: No such file or directory
in SYSTEMPATH/Database/BaseConnection.php on line 428.
 1 SYSTEMPATH/Database/BaseConnection.php(575): CodeIgniter\Database\BaseConnection->initialize()
 2 SYSTEMPATH/Database/BaseBuilder.php(1613): CodeIgniter\Database\BaseConnection->query('SELECT *
FROM `providers`
ORDER BY `name` ASC', [], false)
 3 SYSTEMPATH/Model.php(242): CodeIgniter\Database\BaseBuilder->get()
 4 SYSTEMPATH/BaseModel.php(638): CodeIgniter\Model->doFindAll(0, 0)
 5 APPPATH/Controllers/Home.php(26): CodeIgniter\BaseModel->findAll()
 6 APPPATH/Controllers/Home.php(17): App\Controllers\Home->index()
 7 SYSTEMPATH/CodeIgniter.php(941): App\Controllers\Home->getProduct()
 8 SYSTEMPATH/CodeIgniter.php(502): CodeIgniter\CodeIgniter->runController(Object(App\Controllers\Home))
 9 SYSTEMPATH/CodeIgniter.php(361): CodeIgniter\CodeIgniter->handleRequest(null, Object(Config\Cache), false)
10 FCPATH/index.php(79): CodeIgniter\CodeIgniter->run()
11 SYSTEMPATH/Commands/Server/rewrite.php(47): require_once('/Users/daniismail/Documents/eps/code/eps-web/public/index.php')
