CRITICAL - 2024-01-19 02:19:34 --> ErrorException: Undefined variable $route
in APPPATH/Config/Routes.php on line 10.
 1 APPPATH/Config/Routes.php(10): CodeIgniter\Debug\Exceptions->errorHandler(2, 'Undefined variable $route', '/Users/daniismail/Documents/eps/code/eps-reporting/app/Config/Routes.php', 10)
 2 SYSTEMPATH/Router/RouteCollection.php(344): require('/Users/daniismail/Documents/eps/code/eps-reporting/app/Config/Routes.php')
 3 SYSTEMPATH/CLI/Console.php(39): CodeIgniter\Router\RouteCollection->loadRoutes()
 4 ROOTPATH/spark(102): CodeIgniter\CLI\Console->run()
CRITICAL - 2024-01-19 02:20:46 --> ErrorException: Undefined variable $route
in APPPATH/Config/Routes.php on line 10.
 1 APPPATH/Config/Routes.php(10): CodeIgniter\Debug\Exceptions->errorHandler(2, 'Undefined variable $route', '/Users/daniismail/Documents/eps/code/eps-reporting/app/Config/Routes.php', 10)
 2 SYSTEMPATH/Router/RouteCollection.php(344): require('/Users/daniismail/Documents/eps/code/eps-reporting/app/Config/Routes.php')
 3 SYSTEMPATH/CLI/Console.php(39): CodeIgniter\Router\RouteCollection->loadRoutes()
 4 ROOTPATH/spark(102): CodeIgniter\CLI\Console->run()
CRITICAL - 2024-01-19 02:20:48 --> ErrorException: Undefined variable $route
in APPPATH/Config/Routes.php on line 10.
 1 APPPATH/Config/Routes.php(10): CodeIgniter\Debug\Exceptions->errorHandler(2, 'Undefined variable $route', '/Users/daniismail/Documents/eps/code/eps-reporting/app/Config/Routes.php', 10)
 2 SYSTEMPATH/Router/RouteCollection.php(344): require('/Users/daniismail/Documents/eps/code/eps-reporting/app/Config/Routes.php')
 3 SYSTEMPATH/CLI/Console.php(39): CodeIgniter\Router\RouteCollection->loadRoutes()
 4 ROOTPATH/spark(102): CodeIgniter\CLI\Console->run()
CRITICAL - 2024-01-19 02:21:04 --> Error: Call to undefined method CodeIgniter\Router\RouteCollection::admin()
in APPPATH/Config/Routes.php on line 10.
 1 SYSTEMPATH/Router/RouteCollection.php(344): require()
 2 SYSTEMPATH/CLI/Console.php(39): CodeIgniter\Router\RouteCollection->loadRoutes()
 3 ROOTPATH/spark(102): CodeIgniter\CLI\Console->run()
CRITICAL - 2024-01-19 02:25:05 --> Error: Call to undefined method CodeIgniter\Router\RouteCollection::admin()
in APPPATH/Config/Routes.php on line 10.
 1 SYSTEMPATH/Router/RouteCollection.php(344): require()
 2 SYSTEMPATH/CLI/Console.php(39): CodeIgniter\Router\RouteCollection->loadRoutes()
 3 ROOTPATH/spark(102): CodeIgniter\CLI\Console->run()
CRITICAL - 2024-01-19 02:25:06 --> Error: Call to undefined method CodeIgniter\Router\RouteCollection::admin()
in APPPATH/Config/Routes.php on line 10.
 1 SYSTEMPATH/Router/RouteCollection.php(344): require()
 2 SYSTEMPATH/CLI/Console.php(39): CodeIgniter\Router\RouteCollection->loadRoutes()
 3 ROOTPATH/spark(102): CodeIgniter\CLI\Console->run()
CRITICAL - 2024-01-19 02:25:26 --> Error: Call to undefined method CodeIgniter\Router\RouteCollection::admin()
in APPPATH/Config/Routes.php on line 10.
 1 SYSTEMPATH/Router/RouteCollection.php(344): require()
 2 SYSTEMPATH/CLI/Console.php(39): CodeIgniter\Router\RouteCollection->loadRoutes()
 3 ROOTPATH/spark(102): CodeIgniter\CLI\Console->run()
CRITICAL - 2024-01-19 02:45:29 --> CodeIgniter\Router\Exceptions\RouterException: The namespace delimiter is a backslash (\), not a slash (/). Route handler: "\App\Controllers\Admin/Overview::index"
in SYSTEMPATH/Router/Router.php on line 479.
 1 SYSTEMPATH/Router/Router.php(479): CodeIgniter\Router\Exceptions\RouterException::forInvalidControllerName('\\App\\Controllers\\Admin/Overview::index')
 2 SYSTEMPATH/Router/Router.php(186): CodeIgniter\Router\Router->checkRoutes('admin')
 3 SYSTEMPATH/CodeIgniter.php(823): CodeIgniter\Router\Router->handle('admin')
 4 SYSTEMPATH/CodeIgniter.php(450): CodeIgniter\CodeIgniter->tryToRouteIt(Object(CodeIgniter\Router\RouteCollection))
 5 SYSTEMPATH/CodeIgniter.php(361): CodeIgniter\CodeIgniter->handleRequest(null, Object(Config\Cache), false)
 6 FCPATH/index.php(79): CodeIgniter\CodeIgniter->run()
 7 SYSTEMPATH/Commands/Server/rewrite.php(47): require_once('/Users/daniismail/Documents/eps/code/eps-reporting/public/index.php')
CRITICAL - 2024-01-19 02:45:29 --> CodeIgniter\Router\Exceptions\RouterException: The namespace delimiter is a backslash (\), not a slash (/). Route handler: "\App\Controllers\Admin/Overview::index"
in SYSTEMPATH/Router/Router.php on line 479.
 1 SYSTEMPATH/Router/Router.php(479): CodeIgniter\Router\Exceptions\RouterException::forInvalidControllerName('\\App\\Controllers\\Admin/Overview::index')
 2 SYSTEMPATH/Router/Router.php(186): CodeIgniter\Router\Router->checkRoutes('admin')
 3 SYSTEMPATH/CodeIgniter.php(823): CodeIgniter\Router\Router->handle('admin')
 4 SYSTEMPATH/CodeIgniter.php(450): CodeIgniter\CodeIgniter->tryToRouteIt(Object(CodeIgniter\Router\RouteCollection))
 5 SYSTEMPATH/CodeIgniter.php(361): CodeIgniter\CodeIgniter->handleRequest(null, Object(Config\Cache), false)
 6 FCPATH/index.php(79): CodeIgniter\CodeIgniter->run()
 7 SYSTEMPATH/Commands/Server/rewrite.php(47): require_once('/Users/daniismail/Documents/eps/code/eps-reporting/public/index.php')
CRITICAL - 2024-01-19 02:46:14 --> CodeIgniter\Router\Exceptions\RouterException: The namespace delimiter is a backslash (\), not a slash (/). Route handler: "\App\Controllers\Admin/Overview::index"
in SYSTEMPATH/Router/Router.php on line 479.
 1 SYSTEMPATH/Router/Router.php(479): CodeIgniter\Router\Exceptions\RouterException::forInvalidControllerName('\\App\\Controllers\\Admin/Overview::index')
 2 SYSTEMPATH/Router/Router.php(186): CodeIgniter\Router\Router->checkRoutes('admin')
 3 SYSTEMPATH/CodeIgniter.php(823): CodeIgniter\Router\Router->handle('admin')
 4 SYSTEMPATH/CodeIgniter.php(450): CodeIgniter\CodeIgniter->tryToRouteIt(Object(CodeIgniter\Router\RouteCollection))
 5 SYSTEMPATH/CodeIgniter.php(361): CodeIgniter\CodeIgniter->handleRequest(null, Object(Config\Cache), false)
 6 FCPATH/index.php(79): CodeIgniter\CodeIgniter->run()
 7 SYSTEMPATH/Commands/Server/rewrite.php(47): require_once('/Users/daniismail/Documents/eps/code/eps-reporting/public/index.php')
CRITICAL - 2024-01-19 02:47:26 --> CodeIgniter\Router\Exceptions\RouterException: The namespace delimiter is a backslash (\), not a slash (/). Route handler: "\App\Controllers\admin/Overview::index"
in SYSTEMPATH/Router/Router.php on line 479.
 1 SYSTEMPATH/Router/Router.php(479): CodeIgniter\Router\Exceptions\RouterException::forInvalidControllerName('\\App\\Controllers\\admin/Overview::index')
 2 SYSTEMPATH/Router/Router.php(186): CodeIgniter\Router\Router->checkRoutes('admin')
 3 SYSTEMPATH/CodeIgniter.php(823): CodeIgniter\Router\Router->handle('admin')
 4 SYSTEMPATH/CodeIgniter.php(450): CodeIgniter\CodeIgniter->tryToRouteIt(Object(CodeIgniter\Router\RouteCollection))
 5 SYSTEMPATH/CodeIgniter.php(361): CodeIgniter\CodeIgniter->handleRequest(null, Object(Config\Cache), false)
 6 FCPATH/index.php(79): CodeIgniter\CodeIgniter->run()
 7 SYSTEMPATH/Commands/Server/rewrite.php(47): require_once('/Users/daniismail/Documents/eps/code/eps-reporting/public/index.php')
CRITICAL - 2024-01-19 02:50:01 --> CodeIgniter\Router\Exceptions\RouterException: The namespace delimiter is a backslash (\), not a slash (/). Route handler: "\App\Controllers\admin/Overview::index"
in SYSTEMPATH/Router/Router.php on line 479.
 1 SYSTEMPATH/Router/Router.php(479): CodeIgniter\Router\Exceptions\RouterException::forInvalidControllerName('\\App\\Controllers\\admin/Overview::index')
 2 SYSTEMPATH/Router/Router.php(186): CodeIgniter\Router\Router->checkRoutes('admin')
 3 SYSTEMPATH/CodeIgniter.php(823): CodeIgniter\Router\Router->handle('admin')
 4 SYSTEMPATH/CodeIgniter.php(450): CodeIgniter\CodeIgniter->tryToRouteIt(Object(CodeIgniter\Router\RouteCollection))
 5 SYSTEMPATH/CodeIgniter.php(361): CodeIgniter\CodeIgniter->handleRequest(null, Object(Config\Cache), false)
 6 FCPATH/index.php(79): CodeIgniter\CodeIgniter->run()
 7 SYSTEMPATH/Commands/Server/rewrite.php(47): require_once('/Users/daniismail/Documents/eps/code/eps-reporting/public/index.php')
CRITICAL - 2024-01-19 02:51:22 --> CodeIgniter\Router\Exceptions\RouterException: The namespace delimiter is a backslash (\), not a slash (/). Route handler: "\App\Controllers\Admin/Overview::index"
in SYSTEMPATH/Router/Router.php on line 479.
 1 SYSTEMPATH/Router/Router.php(479): CodeIgniter\Router\Exceptions\RouterException::forInvalidControllerName('\\App\\Controllers\\Admin/Overview::index')
 2 SYSTEMPATH/Router/Router.php(186): CodeIgniter\Router\Router->checkRoutes('admin')
 3 SYSTEMPATH/CodeIgniter.php(823): CodeIgniter\Router\Router->handle('admin')
 4 SYSTEMPATH/CodeIgniter.php(450): CodeIgniter\CodeIgniter->tryToRouteIt(Object(CodeIgniter\Router\RouteCollection))
 5 SYSTEMPATH/CodeIgniter.php(361): CodeIgniter\CodeIgniter->handleRequest(null, Object(Config\Cache), false)
 6 FCPATH/index.php(79): CodeIgniter\CodeIgniter->run()
 7 SYSTEMPATH/Commands/Server/rewrite.php(47): require_once('/Users/daniismail/Documents/eps/code/eps-reporting/public/index.php')
CRITICAL - 2024-01-19 02:52:46 --> CodeIgniter\Router\Exceptions\RouterException: The namespace delimiter is a backslash (\), not a slash (/). Route handler: "\App\Controllers\Admin/Overview::index"
in SYSTEMPATH/Router/Router.php on line 479.
 1 SYSTEMPATH/Router/Router.php(479): CodeIgniter\Router\Exceptions\RouterException::forInvalidControllerName('\\App\\Controllers\\Admin/Overview::index')
 2 SYSTEMPATH/Router/Router.php(186): CodeIgniter\Router\Router->checkRoutes('admin')
 3 SYSTEMPATH/CodeIgniter.php(823): CodeIgniter\Router\Router->handle('admin')
 4 SYSTEMPATH/CodeIgniter.php(450): CodeIgniter\CodeIgniter->tryToRouteIt(Object(CodeIgniter\Router\RouteCollection))
 5 SYSTEMPATH/CodeIgniter.php(361): CodeIgniter\CodeIgniter->handleRequest(null, Object(Config\Cache), false)
 6 FCPATH/index.php(79): CodeIgniter\CodeIgniter->run()
 7 SYSTEMPATH/Commands/Server/rewrite.php(47): require_once('/Users/daniismail/Documents/eps/code/eps-reporting/public/index.php')
CRITICAL - 2024-01-19 02:55:31 --> CodeIgniter\Router\Exceptions\RouterException: The namespace delimiter is a backslash (\), not a slash (/). Route handler: "\Admin/Overview::index"
in SYSTEMPATH/Router/Router.php on line 479.
 1 SYSTEMPATH/Router/Router.php(479): CodeIgniter\Router\Exceptions\RouterException::forInvalidControllerName('\\Admin/Overview::index')
 2 SYSTEMPATH/Router/Router.php(186): CodeIgniter\Router\Router->checkRoutes('admin')
 3 SYSTEMPATH/CodeIgniter.php(823): CodeIgniter\Router\Router->handle('admin')
 4 SYSTEMPATH/CodeIgniter.php(450): CodeIgniter\CodeIgniter->tryToRouteIt(Object(CodeIgniter\Router\RouteCollection))
 5 SYSTEMPATH/CodeIgniter.php(361): CodeIgniter\CodeIgniter->handleRequest(null, Object(Config\Cache), false)
 6 FCPATH/index.php(79): CodeIgniter\CodeIgniter->run()
 7 SYSTEMPATH/Commands/Server/rewrite.php(47): require_once('/Users/daniismail/Documents/eps/code/eps-reporting/public/index.php')
CRITICAL - 2024-01-19 02:55:35 --> CodeIgniter\Router\Exceptions\RouterException: The namespace delimiter is a backslash (\), not a slash (/). Route handler: "\Admin/Overview::index"
in SYSTEMPATH/Router/Router.php on line 479.
 1 SYSTEMPATH/Router/Router.php(479): CodeIgniter\Router\Exceptions\RouterException::forInvalidControllerName('\\Admin/Overview::index')
 2 SYSTEMPATH/Router/Router.php(186): CodeIgniter\Router\Router->checkRoutes('admin')
 3 SYSTEMPATH/CodeIgniter.php(823): CodeIgniter\Router\Router->handle('admin')
 4 SYSTEMPATH/CodeIgniter.php(450): CodeIgniter\CodeIgniter->tryToRouteIt(Object(CodeIgniter\Router\RouteCollection))
 5 SYSTEMPATH/CodeIgniter.php(361): CodeIgniter\CodeIgniter->handleRequest(null, Object(Config\Cache), false)
 6 FCPATH/index.php(79): CodeIgniter\CodeIgniter->run()
 7 SYSTEMPATH/Commands/Server/rewrite.php(47): require_once('/Users/daniismail/Documents/eps/code/eps-reporting/public/index.php')
CRITICAL - 2024-01-19 02:56:13 --> CodeIgniter\Router\Exceptions\RouterException: The namespace delimiter is a backslash (\), not a slash (/). Route handler: "\Admin/Overview::index"
in SYSTEMPATH/Router/Router.php on line 479.
 1 SYSTEMPATH/Router/Router.php(479): CodeIgniter\Router\Exceptions\RouterException::forInvalidControllerName('\\Admin/Overview::index')
 2 SYSTEMPATH/Router/Router.php(186): CodeIgniter\Router\Router->checkRoutes('admin')
 3 SYSTEMPATH/CodeIgniter.php(823): CodeIgniter\Router\Router->handle('admin')
 4 SYSTEMPATH/CodeIgniter.php(450): CodeIgniter\CodeIgniter->tryToRouteIt(Object(CodeIgniter\Router\RouteCollection))
 5 SYSTEMPATH/CodeIgniter.php(361): CodeIgniter\CodeIgniter->handleRequest(null, Object(Config\Cache), false)
 6 FCPATH/index.php(79): CodeIgniter\CodeIgniter->run()
 7 SYSTEMPATH/Commands/Server/rewrite.php(47): require_once('/Users/daniismail/Documents/eps/code/eps-reporting/public/index.php')
CRITICAL - 2024-01-19 02:56:28 --> CodeIgniter\Router\Exceptions\RouterException: The namespace delimiter is a backslash (\), not a slash (/). Route handler: "\/Admin/Overview::index"
in SYSTEMPATH/Router/Router.php on line 479.
 1 SYSTEMPATH/Router/Router.php(479): CodeIgniter\Router\Exceptions\RouterException::forInvalidControllerName('\\/Admin/Overview::index')
 2 SYSTEMPATH/Router/Router.php(186): CodeIgniter\Router\Router->checkRoutes('admin')
 3 SYSTEMPATH/CodeIgniter.php(823): CodeIgniter\Router\Router->handle('admin')
 4 SYSTEMPATH/CodeIgniter.php(450): CodeIgniter\CodeIgniter->tryToRouteIt(Object(CodeIgniter\Router\RouteCollection))
 5 SYSTEMPATH/CodeIgniter.php(361): CodeIgniter\CodeIgniter->handleRequest(null, Object(Config\Cache), false)
 6 FCPATH/index.php(79): CodeIgniter\CodeIgniter->run()
 7 SYSTEMPATH/Commands/Server/rewrite.php(47): require_once('/Users/daniismail/Documents/eps/code/eps-reporting/public/index.php')
CRITICAL - 2024-01-19 02:57:31 --> CodeIgniter\Router\Exceptions\RouterException: The namespace delimiter is a backslash (\), not a slash (/). Route handler: "\Admin/Overview::index"
in SYSTEMPATH/Router/Router.php on line 479.
 1 SYSTEMPATH/Router/Router.php(479): CodeIgniter\Router\Exceptions\RouterException::forInvalidControllerName('\\Admin/Overview::index')
 2 SYSTEMPATH/Router/Router.php(186): CodeIgniter\Router\Router->checkRoutes('admin')
 3 SYSTEMPATH/CodeIgniter.php(823): CodeIgniter\Router\Router->handle('admin')
 4 SYSTEMPATH/CodeIgniter.php(450): CodeIgniter\CodeIgniter->tryToRouteIt(Object(CodeIgniter\Router\RouteCollection))
 5 SYSTEMPATH/CodeIgniter.php(361): CodeIgniter\CodeIgniter->handleRequest(null, Object(Config\Cache), false)
 6 FCPATH/index.php(79): CodeIgniter\CodeIgniter->run()
 7 SYSTEMPATH/Commands/Server/rewrite.php(47): require_once('/Users/daniismail/Documents/eps/code/eps-reporting/public/index.php')
CRITICAL - 2024-01-19 03:24:52 --> CodeIgniter\View\Exceptions\ViewException: Invalid file: "admin/dashboard.php"
in SYSTEMPATH/Exceptions/FrameworkException.php on line 39.
 1 SYSTEMPATH/View/View.php(216): CodeIgniter\Exceptions\FrameworkException::forInvalidFile('admin/dashboard.php')
 2 SYSTEMPATH/Common.php(1178): CodeIgniter\View\View->render('admin/dashboard', [], true)
 3 APPPATH/Controllers/Admin/DashboardController.php(10): view('admin/dashboard')
 4 SYSTEMPATH/CodeIgniter.php(941): App\Controllers\Admin\DashboardController->index()
 5 SYSTEMPATH/CodeIgniter.php(502): CodeIgniter\CodeIgniter->runController(Object(App\Controllers\Admin\DashboardController))
 6 SYSTEMPATH/CodeIgniter.php(361): CodeIgniter\CodeIgniter->handleRequest(null, Object(Config\Cache), false)
 7 FCPATH/index.php(79): CodeIgniter\CodeIgniter->run()
 8 SYSTEMPATH/Commands/Server/rewrite.php(47): require_once('/Users/daniismail/Documents/eps/code/eps-reporting/public/index.php')
CRITICAL - 2024-01-19 03:25:11 --> CodeIgniter\View\Exceptions\ViewException: Invalid file: "admin/dashboard.php"
in SYSTEMPATH/Exceptions/FrameworkException.php on line 39.
 1 SYSTEMPATH/View/View.php(216): CodeIgniter\Exceptions\FrameworkException::forInvalidFile('admin/dashboard.php')
 2 SYSTEMPATH/Common.php(1178): CodeIgniter\View\View->render('admin/dashboard', [], true)
 3 APPPATH/Controllers/Admin/DashboardController.php(10): view('admin/dashboard')
 4 SYSTEMPATH/CodeIgniter.php(941): App\Controllers\Admin\DashboardController->index()
 5 SYSTEMPATH/CodeIgniter.php(502): CodeIgniter\CodeIgniter->runController(Object(App\Controllers\Admin\DashboardController))
 6 SYSTEMPATH/CodeIgniter.php(361): CodeIgniter\CodeIgniter->handleRequest(null, Object(Config\Cache), false)
 7 FCPATH/index.php(79): CodeIgniter\CodeIgniter->run()
 8 SYSTEMPATH/Commands/Server/rewrite.php(47): require_once('/Users/daniismail/Documents/eps/code/eps-reporting/public/index.php')
CRITICAL - 2024-01-19 03:25:31 --> CodeIgniter\View\Exceptions\ViewException: Invalid file: "/admin/dashboard.php"
in SYSTEMPATH/Exceptions/FrameworkException.php on line 39.
 1 SYSTEMPATH/View/View.php(216): CodeIgniter\Exceptions\FrameworkException::forInvalidFile('/admin/dashboard.php')
 2 SYSTEMPATH/Common.php(1178): CodeIgniter\View\View->render('/admin/dashboard', [], true)
 3 APPPATH/Controllers/Admin/DashboardController.php(10): view('/admin/dashboard')
 4 SYSTEMPATH/CodeIgniter.php(941): App\Controllers\Admin\DashboardController->index()
 5 SYSTEMPATH/CodeIgniter.php(502): CodeIgniter\CodeIgniter->runController(Object(App\Controllers\Admin\DashboardController))
 6 SYSTEMPATH/CodeIgniter.php(361): CodeIgniter\CodeIgniter->handleRequest(null, Object(Config\Cache), false)
 7 FCPATH/index.php(79): CodeIgniter\CodeIgniter->run()
 8 SYSTEMPATH/Commands/Server/rewrite.php(47): require_once('/Users/daniismail/Documents/eps/code/eps-reporting/public/index.php')
CRITICAL - 2024-01-19 03:37:35 --> CodeIgniter\View\Exceptions\ViewException: Invalid file: "admin/dashboard.php"
in SYSTEMPATH/Exceptions/FrameworkException.php on line 39.
 1 SYSTEMPATH/View/View.php(216): CodeIgniter\Exceptions\FrameworkException::forInvalidFile('admin/dashboard.php')
 2 SYSTEMPATH/Common.php(1178): CodeIgniter\View\View->render('admin/dashboard', [], true)
 3 APPPATH/Controllers/Admin/DashboardController.php(10): view('admin/dashboard')
 4 SYSTEMPATH/CodeIgniter.php(941): App\Controllers\Admin\DashboardController->index()
 5 SYSTEMPATH/CodeIgniter.php(502): CodeIgniter\CodeIgniter->runController(Object(App\Controllers\Admin\DashboardController))
 6 SYSTEMPATH/CodeIgniter.php(361): CodeIgniter\CodeIgniter->handleRequest(null, Object(Config\Cache), false)
 7 FCPATH/index.php(79): CodeIgniter\CodeIgniter->run()
 8 SYSTEMPATH/Commands/Server/rewrite.php(47): require_once('/Users/daniismail/Documents/eps/code/eps-reporting/public/index.php')
CRITICAL - 2024-01-19 03:38:09 --> CodeIgniter\View\Exceptions\ViewException: Invalid file: "admin/dashboard.php"
in SYSTEMPATH/Exceptions/FrameworkException.php on line 39.
 1 SYSTEMPATH/View/View.php(216): CodeIgniter\Exceptions\FrameworkException::forInvalidFile('admin/dashboard.php')
 2 SYSTEMPATH/Common.php(1178): CodeIgniter\View\View->render('admin/dashboard', [], true)
 3 APPPATH/Controllers/Admin/DashboardController.php(10): view('admin/dashboard')
 4 SYSTEMPATH/CodeIgniter.php(941): App\Controllers\Admin\DashboardController->index()
 5 SYSTEMPATH/CodeIgniter.php(502): CodeIgniter\CodeIgniter->runController(Object(App\Controllers\Admin\DashboardController))
 6 SYSTEMPATH/CodeIgniter.php(361): CodeIgniter\CodeIgniter->handleRequest(null, Object(Config\Cache), false)
 7 FCPATH/index.php(79): CodeIgniter\CodeIgniter->run()
 8 SYSTEMPATH/Commands/Server/rewrite.php(47): require_once('/Users/daniismail/Documents/eps/code/eps-reporting/public/index.php')
CRITICAL - 2024-01-19 03:38:20 --> CodeIgniter\View\Exceptions\ViewException: Invalid file: "admin/dashboard.php"
in SYSTEMPATH/Exceptions/FrameworkException.php on line 39.
 1 SYSTEMPATH/View/View.php(216): CodeIgniter\Exceptions\FrameworkException::forInvalidFile('admin/dashboard.php')
 2 SYSTEMPATH/Common.php(1178): CodeIgniter\View\View->render('admin/dashboard', [], true)
 3 APPPATH/Controllers/Admin/DashboardController.php(10): view('admin/dashboard')
 4 SYSTEMPATH/CodeIgniter.php(941): App\Controllers\Admin\DashboardController->index()
 5 SYSTEMPATH/CodeIgniter.php(502): CodeIgniter\CodeIgniter->runController(Object(App\Controllers\Admin\DashboardController))
 6 SYSTEMPATH/CodeIgniter.php(361): CodeIgniter\CodeIgniter->handleRequest(null, Object(Config\Cache), false)
 7 FCPATH/index.php(79): CodeIgniter\CodeIgniter->run()
 8 SYSTEMPATH/Commands/Server/rewrite.php(47): require_once('/Users/daniismail/Documents/eps/code/eps-reporting/public/index.php')
CRITICAL - 2024-01-19 03:38:21 --> CodeIgniter\View\Exceptions\ViewException: Invalid file: "admin/dashboard.php"
in SYSTEMPATH/Exceptions/FrameworkException.php on line 39.
 1 SYSTEMPATH/View/View.php(216): CodeIgniter\Exceptions\FrameworkException::forInvalidFile('admin/dashboard.php')
 2 SYSTEMPATH/Common.php(1178): CodeIgniter\View\View->render('admin/dashboard', [], true)
 3 APPPATH/Controllers/Admin/DashboardController.php(10): view('admin/dashboard')
 4 SYSTEMPATH/CodeIgniter.php(941): App\Controllers\Admin\DashboardController->index()
 5 SYSTEMPATH/CodeIgniter.php(502): CodeIgniter\CodeIgniter->runController(Object(App\Controllers\Admin\DashboardController))
 6 SYSTEMPATH/CodeIgniter.php(361): CodeIgniter\CodeIgniter->handleRequest(null, Object(Config\Cache), false)
 7 FCPATH/index.php(79): CodeIgniter\CodeIgniter->run()
 8 SYSTEMPATH/Commands/Server/rewrite.php(47): require_once('/Users/daniismail/Documents/eps/code/eps-reporting/public/index.php')
CRITICAL - 2024-01-19 03:38:57 --> CodeIgniter\View\Exceptions\ViewException: Invalid file: "admin/dashboard/.php"
in SYSTEMPATH/Exceptions/FrameworkException.php on line 39.
 1 SYSTEMPATH/View/View.php(216): CodeIgniter\Exceptions\FrameworkException::forInvalidFile('admin/dashboard/.php')
 2 SYSTEMPATH/Common.php(1178): CodeIgniter\View\View->render('admin/dashboard/', [], true)
 3 APPPATH/Controllers/Admin/DashboardController.php(10): view('admin/dashboard/')
 4 SYSTEMPATH/CodeIgniter.php(941): App\Controllers\Admin\DashboardController->index()
 5 SYSTEMPATH/CodeIgniter.php(502): CodeIgniter\CodeIgniter->runController(Object(App\Controllers\Admin\DashboardController))
 6 SYSTEMPATH/CodeIgniter.php(361): CodeIgniter\CodeIgniter->handleRequest(null, Object(Config\Cache), false)
 7 FCPATH/index.php(79): CodeIgniter\CodeIgniter->run()
 8 SYSTEMPATH/Commands/Server/rewrite.php(47): require_once('/Users/daniismail/Documents/eps/code/eps-reporting/public/index.php')
CRITICAL - 2024-01-19 03:57:08 --> CodeIgniter\View\Exceptions\ViewException: Invalid file: "admin/dashboard/index.php"
in SYSTEMPATH/Exceptions/FrameworkException.php on line 39.
 1 SYSTEMPATH/View/View.php(216): CodeIgniter\Exceptions\FrameworkException::forInvalidFile('admin/dashboard/index.php')
 2 SYSTEMPATH/Common.php(1178): CodeIgniter\View\View->render('admin/dashboard/index', [], true)
 3 APPPATH/Controllers/Admin/DashboardController.php(10): view('admin/dashboard/index')
 4 SYSTEMPATH/CodeIgniter.php(941): App\Controllers\Admin\DashboardController->index()
 5 SYSTEMPATH/CodeIgniter.php(502): CodeIgniter\CodeIgniter->runController(Object(App\Controllers\Admin\DashboardController))
 6 SYSTEMPATH/CodeIgniter.php(361): CodeIgniter\CodeIgniter->handleRequest(null, Object(Config\Cache), false)
 7 FCPATH/index.php(79): CodeIgniter\CodeIgniter->run()
 8 SYSTEMPATH/Commands/Server/rewrite.php(47): require_once('/Users/daniismail/Documents/eps/code/eps-reporting/public/index.php')
CRITICAL - 2024-01-19 04:09:20 --> Error: Call to undefined function baseurl()
in APPPATH/Views/admin/dashboard/index.php on line 680.
 1 SYSTEMPATH/View/View.php(228): include()
 2 SYSTEMPATH/View/View.php(231): CodeIgniter\View\View->CodeIgniter\View\{closure}()
 3 SYSTEMPATH/Common.php(1178): CodeIgniter\View\View->render('admin/dashboard/index', [], true)
 4 APPPATH/Controllers/Admin/DashboardController.php(10): view('admin/dashboard/index')
 5 SYSTEMPATH/CodeIgniter.php(941): App\Controllers\Admin\DashboardController->index()
 6 SYSTEMPATH/CodeIgniter.php(502): CodeIgniter\CodeIgniter->runController(Object(App\Controllers\Admin\DashboardController))
 7 SYSTEMPATH/CodeIgniter.php(361): CodeIgniter\CodeIgniter->handleRequest(null, Object(Config\Cache), false)
 8 FCPATH/index.php(79): CodeIgniter\CodeIgniter->run()
 9 SYSTEMPATH/Commands/Server/rewrite.php(47): require_once('/Users/daniismail/Documents/eps/code/eps-reporting/public/index.php')
CRITICAL - 2024-01-19 04:40:17 --> Error: Call to undefined method CodeIgniter\View\View::extends()
in APPPATH/Views/admin/dashboard/index.php on line 1.
 1 SYSTEMPATH/View/View.php(228): include()
 2 SYSTEMPATH/View/View.php(231): CodeIgniter\View\View->CodeIgniter\View\{closure}()
 3 SYSTEMPATH/Common.php(1178): CodeIgniter\View\View->render('admin/dashboard/index', [], true)
 4 APPPATH/Controllers/Admin/DashboardController.php(10): view('admin/dashboard/index')
 5 SYSTEMPATH/CodeIgniter.php(941): App\Controllers\Admin\DashboardController->index()
 6 SYSTEMPATH/CodeIgniter.php(502): CodeIgniter\CodeIgniter->runController(Object(App\Controllers\Admin\DashboardController))
 7 SYSTEMPATH/CodeIgniter.php(361): CodeIgniter\CodeIgniter->handleRequest(null, Object(Config\Cache), false)
 8 FCPATH/index.php(79): CodeIgniter\CodeIgniter->run()
 9 SYSTEMPATH/Commands/Server/rewrite.php(47): require_once('/Users/daniismail/Documents/eps/code/eps-reporting/public/index.php')
CRITICAL - 2024-01-19 04:40:50 --> Error: Call to undefined function renderSection()
in APPPATH/Views/admin/layout/template.php on line 112.
 1 SYSTEMPATH/View/View.php(228): include()
 2 SYSTEMPATH/View/View.php(231): CodeIgniter\View\View->CodeIgniter\View\{closure}()
 3 SYSTEMPATH/View/View.php(244): CodeIgniter\View\View->render('admin/layout/template', [], true)
 4 SYSTEMPATH/Common.php(1178): CodeIgniter\View\View->render('admin/dashboard/index', [], true)
 5 APPPATH/Controllers/Admin/DashboardController.php(10): view('admin/dashboard/index')
 6 SYSTEMPATH/CodeIgniter.php(941): App\Controllers\Admin\DashboardController->index()
 7 SYSTEMPATH/CodeIgniter.php(502): CodeIgniter\CodeIgniter->runController(Object(App\Controllers\Admin\DashboardController))
 8 SYSTEMPATH/CodeIgniter.php(361): CodeIgniter\CodeIgniter->handleRequest(null, Object(Config\Cache), false)
 9 FCPATH/index.php(79): CodeIgniter\CodeIgniter->run()
10 SYSTEMPATH/Commands/Server/rewrite.php(47): require_once('/Users/daniismail/Documents/eps/code/eps-reporting/public/index.php')
CRITICAL - 2024-01-19 04:41:19 --> Error: Call to undefined function RenderSection()
in APPPATH/Views/admin/layout/template.php on line 112.
 1 SYSTEMPATH/View/View.php(228): include()
 2 SYSTEMPATH/View/View.php(231): CodeIgniter\View\View->CodeIgniter\View\{closure}()
 3 SYSTEMPATH/View/View.php(244): CodeIgniter\View\View->render('admin/layout/template', [], true)
 4 SYSTEMPATH/Common.php(1178): CodeIgniter\View\View->render('admin/dashboard/index', [], true)
 5 APPPATH/Controllers/Admin/DashboardController.php(10): view('admin/dashboard/index')
 6 SYSTEMPATH/CodeIgniter.php(941): App\Controllers\Admin\DashboardController->index()
 7 SYSTEMPATH/CodeIgniter.php(502): CodeIgniter\CodeIgniter->runController(Object(App\Controllers\Admin\DashboardController))
 8 SYSTEMPATH/CodeIgniter.php(361): CodeIgniter\CodeIgniter->handleRequest(null, Object(Config\Cache), false)
 9 FCPATH/index.php(79): CodeIgniter\CodeIgniter->run()
10 SYSTEMPATH/Commands/Server/rewrite.php(47): require_once('/Users/daniismail/Documents/eps/code/eps-reporting/public/index.php')
CRITICAL - 2024-01-19 06:26:43 --> CodeIgniter\View\Exceptions\ViewException: Invalid file: "layout.php"
in SYSTEMPATH/Exceptions/FrameworkException.php on line 39.
 1 SYSTEMPATH/View/View.php(216): CodeIgniter\Exceptions\FrameworkException::forInvalidFile('layout.php')
 2 SYSTEMPATH/Common.php(1178): CodeIgniter\View\View->render('layout', [], true)
 3 APPPATH/Controllers/Home.php(16): view('layout')
 4 SYSTEMPATH/CodeIgniter.php(941): App\Controllers\Home->index()
 5 SYSTEMPATH/CodeIgniter.php(502): CodeIgniter\CodeIgniter->runController(Object(App\Controllers\Home))
 6 SYSTEMPATH/CodeIgniter.php(361): CodeIgniter\CodeIgniter->handleRequest(null, Object(Config\Cache), false)
 7 FCPATH/index.php(79): CodeIgniter\CodeIgniter->run()
 8 SYSTEMPATH/Commands/Server/rewrite.php(47): require_once('/Users/daniismail/Documents/eps/code/eps-reporting/public/index.php')
CRITICAL - 2024-01-19 06:26:58 --> CodeIgniter\View\Exceptions\ViewException: Invalid file: "layout/template.php"
in SYSTEMPATH/Exceptions/FrameworkException.php on line 39.
 1 SYSTEMPATH/View/View.php(216): CodeIgniter\Exceptions\FrameworkException::forInvalidFile('layout/template.php')
 2 SYSTEMPATH/Common.php(1178): CodeIgniter\View\View->render('layout/template', [], true)
 3 APPPATH/Controllers/Home.php(16): view('layout/template')
 4 SYSTEMPATH/CodeIgniter.php(941): App\Controllers\Home->index()
 5 SYSTEMPATH/CodeIgniter.php(502): CodeIgniter\CodeIgniter->runController(Object(App\Controllers\Home))
 6 SYSTEMPATH/CodeIgniter.php(361): CodeIgniter\CodeIgniter->handleRequest(null, Object(Config\Cache), false)
 7 FCPATH/index.php(79): CodeIgniter\CodeIgniter->run()
 8 SYSTEMPATH/Commands/Server/rewrite.php(47): require_once('/Users/daniismail/Documents/eps/code/eps-reporting/public/index.php')
CRITICAL - 2024-01-19 07:13:42 --> CodeIgniter\View\Exceptions\ViewException: Invalid file: "admin/dashboard/report.php"
in SYSTEMPATH/Exceptions/FrameworkException.php on line 39.
 1 SYSTEMPATH/View/View.php(216): CodeIgniter\Exceptions\FrameworkException::forInvalidFile('admin/dashboard/report.php')
 2 SYSTEMPATH/Common.php(1178): CodeIgniter\View\View->render('admin/dashboard/report', [], true)
 3 APPPATH/Controllers/Admin/DashboardController.php(15): view('admin/dashboard/report')
 4 SYSTEMPATH/CodeIgniter.php(941): App\Controllers\Admin\DashboardController->report()
 5 SYSTEMPATH/CodeIgniter.php(502): CodeIgniter\CodeIgniter->runController(Object(App\Controllers\Admin\DashboardController))
 6 SYSTEMPATH/CodeIgniter.php(361): CodeIgniter\CodeIgniter->handleRequest(null, Object(Config\Cache), false)
 7 FCPATH/index.php(79): CodeIgniter\CodeIgniter->run()
 8 SYSTEMPATH/Commands/Server/rewrite.php(47): require_once('/Users/daniismail/Documents/eps/code/eps-reporting/public/index.php')
CRITICAL - 2024-01-19 07:13:44 --> CodeIgniter\View\Exceptions\ViewException: Invalid file: "admin/dashboard/report.php"
in SYSTEMPATH/Exceptions/FrameworkException.php on line 39.
 1 SYSTEMPATH/View/View.php(216): CodeIgniter\Exceptions\FrameworkException::forInvalidFile('admin/dashboard/report.php')
 2 SYSTEMPATH/Common.php(1178): CodeIgniter\View\View->render('admin/dashboard/report', [], true)
 3 APPPATH/Controllers/Admin/DashboardController.php(15): view('admin/dashboard/report')
 4 SYSTEMPATH/CodeIgniter.php(941): App\Controllers\Admin\DashboardController->report()
 5 SYSTEMPATH/CodeIgniter.php(502): CodeIgniter\CodeIgniter->runController(Object(App\Controllers\Admin\DashboardController))
 6 SYSTEMPATH/CodeIgniter.php(361): CodeIgniter\CodeIgniter->handleRequest(null, Object(Config\Cache), false)
 7 FCPATH/index.php(79): CodeIgniter\CodeIgniter->run()
 8 SYSTEMPATH/Commands/Server/rewrite.php(47): require_once('/Users/daniismail/Documents/eps/code/eps-reporting/public/index.php')
CRITICAL - 2024-01-19 07:14:41 --> CodeIgniter\View\Exceptions\ViewException: Invalid file: "admin/dashboard/report.php"
in SYSTEMPATH/Exceptions/FrameworkException.php on line 39.
 1 SYSTEMPATH/View/View.php(216): CodeIgniter\Exceptions\FrameworkException::forInvalidFile('admin/dashboard/report.php')
 2 SYSTEMPATH/Common.php(1178): CodeIgniter\View\View->render('admin/dashboard/report', [], true)
 3 APPPATH/Controllers/Admin/DashboardController.php(15): view('admin/dashboard/report')
 4 SYSTEMPATH/CodeIgniter.php(941): App\Controllers\Admin\DashboardController->report()
 5 SYSTEMPATH/CodeIgniter.php(502): CodeIgniter\CodeIgniter->runController(Object(App\Controllers\Admin\DashboardController))
 6 SYSTEMPATH/CodeIgniter.php(361): CodeIgniter\CodeIgniter->handleRequest(null, Object(Config\Cache), false)
 7 FCPATH/index.php(79): CodeIgniter\CodeIgniter->run()
 8 SYSTEMPATH/Commands/Server/rewrite.php(47): require_once('/Users/daniismail/Documents/eps/code/eps-reporting/public/index.php')
CRITICAL - 2024-01-19 08:02:31 --> ErrorException: Undefined variable $data
in APPPATH/Views/admin/dashboard/dashboard.php on line 47.
 1 APPPATH/Views/admin/dashboard/dashboard.php(47): CodeIgniter\Debug\Exceptions->errorHandler(2, 'Undefined variable $data', '/Users/daniismail/Documents/eps/code/eps-reporting/app/Views/admin/dashboard/dashboard.php', 47)
 2 SYSTEMPATH/View/View.php(228): include('/Users/daniismail/Documents/eps/code/eps-reporting/app/Views/admin/dashboard/dashboard.php')
 3 SYSTEMPATH/View/View.php(231): CodeIgniter\View\View->CodeIgniter\View\{closure}()
 4 SYSTEMPATH/Common.php(1178): CodeIgniter\View\View->render('admin/dashboard/dashboard', [], true)
 5 APPPATH/Controllers/Home.php(22): view('admin/dashboard/dashboard', [...])
 6 SYSTEMPATH/CodeIgniter.php(941): App\Controllers\Home->report()
 7 SYSTEMPATH/CodeIgniter.php(502): CodeIgniter\CodeIgniter->runController(Object(App\Controllers\Home))
 8 SYSTEMPATH/CodeIgniter.php(361): CodeIgniter\CodeIgniter->handleRequest(null, Object(Config\Cache), false)
 9 FCPATH/index.php(79): CodeIgniter\CodeIgniter->run()
10 SYSTEMPATH/Commands/Server/rewrite.php(47): require_once('/Users/daniismail/Documents/eps/code/eps-reporting/public/index.php')
CRITICAL - 2024-01-19 08:02:53 --> ErrorException: Undefined array key "id"
in APPPATH/Views/admin/dashboard/dashboard.php on line 49.
 1 APPPATH/Views/admin/dashboard/dashboard.php(49): CodeIgniter\Debug\Exceptions->errorHandler(2, 'Undefined array key "id"', '/Users/daniismail/Documents/eps/code/eps-reporting/app/Views/admin/dashboard/dashboard.php', 49)
 2 SYSTEMPATH/View/View.php(228): include('/Users/daniismail/Documents/eps/code/eps-reporting/app/Views/admin/dashboard/dashboard.php')
 3 SYSTEMPATH/View/View.php(231): CodeIgniter\View\View->CodeIgniter\View\{closure}()
 4 SYSTEMPATH/Common.php(1178): CodeIgniter\View\View->render('admin/dashboard/dashboard', [], true)
 5 APPPATH/Controllers/Home.php(22): view('admin/dashboard/dashboard', [...])
 6 SYSTEMPATH/CodeIgniter.php(941): App\Controllers\Home->report()
 7 SYSTEMPATH/CodeIgniter.php(502): CodeIgniter\CodeIgniter->runController(Object(App\Controllers\Home))
 8 SYSTEMPATH/CodeIgniter.php(361): CodeIgniter\CodeIgniter->handleRequest(null, Object(Config\Cache), false)
 9 FCPATH/index.php(79): CodeIgniter\CodeIgniter->run()
10 SYSTEMPATH/Commands/Server/rewrite.php(47): require_once('/Users/daniismail/Documents/eps/code/eps-reporting/public/index.php')
