ERROR - 2024-02-01 09:21:50 --> Error connecting to the database: mysqli_sql_exception: Access denied for user ''@'localhost' (using password: NO) in /home/sfbhaz/AKU/project/PHP/epsxpay/eps/system/Database/MySQLi/Connection.php:185
Stack trace:
#0 /home/sfbhaz/AKU/project/PHP/epsxpay/eps/system/Database/MySQLi/Connection.php(185): mysqli->real_connect()
#1 /home/sfbhaz/AKU/project/PHP/epsxpay/eps/system/Database/BaseConnection.php(392): CodeIgniter\Database\MySQLi\Connection->connect()
#2 /home/sfbhaz/AKU/project/PHP/epsxpay/eps/system/Database/BaseConnection.php(575): CodeIgniter\Database\BaseConnection->initialize()
#3 /home/sfbhaz/AKU/project/PHP/epsxpay/eps/system/Database/BaseBuilder.php(1613): CodeIgniter\Database\BaseConnection->query()
#4 /home/sfbhaz/AKU/project/PHP/epsxpay/eps/system/Model.php(242): CodeIgniter\Database\BaseBuilder->get()
#5 /home/sfbhaz/AKU/project/PHP/epsxpay/eps/system/BaseModel.php(638): CodeIgniter\Model->doFindAll()
#6 /home/sfbhaz/AKU/project/PHP/epsxpay/eps/app/Controllers/Home.php(26): CodeIgniter\BaseModel->findAll()
#7 /home/sfbhaz/AKU/project/PHP/epsxpay/eps/app/Controllers/Home.php(17): App\Controllers\Home->index()
#8 /home/sfbhaz/AKU/project/PHP/epsxpay/eps/system/CodeIgniter.php(941): App\Controllers\Home->getProduct()
#9 /home/sfbhaz/AKU/project/PHP/epsxpay/eps/system/CodeIgniter.php(502): CodeIgniter\CodeIgniter->runController()
#10 /home/sfbhaz/AKU/project/PHP/epsxpay/eps/system/CodeIgniter.php(361): CodeIgniter\CodeIgniter->handleRequest()
#11 /home/sfbhaz/AKU/project/PHP/epsxpay/eps/public/index.php(79): CodeIgniter\CodeIgniter->run()
#12 /home/sfbhaz/AKU/project/PHP/epsxpay/eps/system/Commands/Server/rewrite.php(47): require_once('/home/sfbhaz/AK...')
#13 {main}

Next CodeIgniter\Database\Exceptions\DatabaseException: Access denied for user ''@'localhost' (using password: NO) in /home/sfbhaz/AKU/project/PHP/epsxpay/eps/system/Database/MySQLi/Connection.php:229
Stack trace:
#0 /home/sfbhaz/AKU/project/PHP/epsxpay/eps/system/Database/BaseConnection.php(392): CodeIgniter\Database\MySQLi\Connection->connect()
#1 /home/sfbhaz/AKU/project/PHP/epsxpay/eps/system/Database/BaseConnection.php(575): CodeIgniter\Database\BaseConnection->initialize()
#2 /home/sfbhaz/AKU/project/PHP/epsxpay/eps/system/Database/BaseBuilder.php(1613): CodeIgniter\Database\BaseConnection->query()
#3 /home/sfbhaz/AKU/project/PHP/epsxpay/eps/system/Model.php(242): CodeIgniter\Database\BaseBuilder->get()
#4 /home/sfbhaz/AKU/project/PHP/epsxpay/eps/system/BaseModel.php(638): CodeIgniter\Model->doFindAll()
#5 /home/sfbhaz/AKU/project/PHP/epsxpay/eps/app/Controllers/Home.php(26): CodeIgniter\BaseModel->findAll()
#6 /home/sfbhaz/AKU/project/PHP/epsxpay/eps/app/Controllers/Home.php(17): App\Controllers\Home->index()
#7 /home/sfbhaz/AKU/project/PHP/epsxpay/eps/system/CodeIgniter.php(941): App\Controllers\Home->getProduct()
#8 /home/sfbhaz/AKU/project/PHP/epsxpay/eps/system/CodeIgniter.php(502): CodeIgniter\CodeIgniter->runController()
#9 /home/sfbhaz/AKU/project/PHP/epsxpay/eps/system/CodeIgniter.php(361): CodeIgniter\CodeIgniter->handleRequest()
#10 /home/sfbhaz/AKU/project/PHP/epsxpay/eps/public/index.php(79): CodeIgniter\CodeIgniter->run()
#11 /home/sfbhaz/AKU/project/PHP/epsxpay/eps/system/Commands/Server/rewrite.php(47): require_once('/home/sfbhaz/AK...')
#12 {main}
CRITICAL - 2024-02-01 09:21:50 --> CodeIgniter\Database\Exceptions\DatabaseException: Unable to connect to the database.
Main connection [MySQLi]: Access denied for user ''@'localhost' (using password: NO)
in SYSTEMPATH/Database/BaseConnection.php on line 428.
 1 SYSTEMPATH/Database/BaseConnection.php(575): CodeIgniter\Database\BaseConnection->initialize()
 2 SYSTEMPATH/Database/BaseBuilder.php(1613): CodeIgniter\Database\BaseConnection->query()
 3 SYSTEMPATH/Model.php(242): CodeIgniter\Database\BaseBuilder->get()
 4 SYSTEMPATH/BaseModel.php(638): CodeIgniter\Model->doFindAll()
 5 APPPATH/Controllers/Home.php(26): CodeIgniter\BaseModel->findAll()
 6 APPPATH/Controllers/Home.php(17): App\Controllers\Home->index()
 7 SYSTEMPATH/CodeIgniter.php(941): App\Controllers\Home->getProduct()
 8 SYSTEMPATH/CodeIgniter.php(502): CodeIgniter\CodeIgniter->runController()
 9 SYSTEMPATH/CodeIgniter.php(361): CodeIgniter\CodeIgniter->handleRequest()
10 FCPATH/index.php(79): CodeIgniter\CodeIgniter->run()
11 SYSTEMPATH/Commands/Server/rewrite.php(47): require_once('/home/sfbhaz/AKU/project/PHP/epsxpay/eps/public/index.php')
