CRITICAL - 2024-04-23 14:08:46 --> ErrorException: Undefined variable: getReseller
in APPPATH/Views/admin/dashboard/reseller_view.php on line 27.
 1 APPPATH/Views/admin/dashboard/reseller_view.php(27): CodeIgniter\Debug\Exceptions->errorHandler(8, 'Undefined variable: getReseller', '/Users/babayhalimi/AKU/Project/Eps/eps-web/app/Views/admin/dashboard/reseller_view.php', 27, [...])
 2 SYSTEMPATH/View/View.php(228): include('/Users/babayhalimi/AKU/Project/Eps/eps-web/app/Views/admin/dashboard/reseller_view.php')
 3 SYSTEMPATH/View/View.php(231): CodeIgniter\View\View->CodeIgniter\View\{closure}()
 4 SYSTEMPATH/Common.php(1178): CodeIgniter\View\View->render('admin/dashboard/reseller_view', [], true)
 5 APPPATH/Controllers/Reseller.php(70): view('admin/dashboard/reseller_view', [...])
 6 SYSTEMPATH/CodeIgniter.php(941): App\Controllers\Reseller->GetLaba('ra')
 7 SYSTEMPATH/CodeIgniter.php(502): CodeIgniter\CodeIgniter->runController(Object(App\Controllers\Reseller))
 8 SYSTEMPATH/CodeIgniter.php(361): CodeIgniter\CodeIgniter->handleRequest(null, Object(Config\Cache), false)
 9 FCPATH/index.php(79): CodeIgniter\CodeIgniter->run()
10 SYSTEMPATH/Commands/Server/rewrite.php(47): require_once('/Users/babayhalimi/AKU/Project/Eps/eps-web/public/index.php')
CRITICAL - 2024-04-23 14:09:06 --> ErrorException: Undefined variable: getReseller
in APPPATH/Views/admin/dashboard/reseller_view.php on line 27.
 1 APPPATH/Views/admin/dashboard/reseller_view.php(27): CodeIgniter\Debug\Exceptions->errorHandler(8, 'Undefined variable: getReseller', '/Users/babayhalimi/AKU/Project/Eps/eps-web/app/Views/admin/dashboard/reseller_view.php', 27, [...])
 2 SYSTEMPATH/View/View.php(228): include('/Users/babayhalimi/AKU/Project/Eps/eps-web/app/Views/admin/dashboard/reseller_view.php')
 3 SYSTEMPATH/View/View.php(231): CodeIgniter\View\View->CodeIgniter\View\{closure}()
 4 SYSTEMPATH/Common.php(1178): CodeIgniter\View\View->render('admin/dashboard/reseller_view', [], true)
 5 APPPATH/Controllers/Reseller.php(70): view('admin/dashboard/reseller_view', [...])
 6 SYSTEMPATH/CodeIgniter.php(941): App\Controllers\Reseller->GetLaba('ra')
 7 SYSTEMPATH/CodeIgniter.php(502): CodeIgniter\CodeIgniter->runController(Object(App\Controllers\Reseller))
 8 SYSTEMPATH/CodeIgniter.php(361): CodeIgniter\CodeIgniter->handleRequest(null, Object(Config\Cache), false)
 9 FCPATH/index.php(79): CodeIgniter\CodeIgniter->run()
10 SYSTEMPATH/Commands/Server/rewrite.php(47): require_once('/Users/babayhalimi/AKU/Project/Eps/eps-web/public/index.php')
CRITICAL - 2024-04-23 14:19:47 --> ErrorException: Trying to get property 'kode' of non-object
in APPPATH/Views/admin/dashboard/reseller_view.php on line 45.
 1 APPPATH/Views/admin/dashboard/reseller_view.php(45): CodeIgniter\Debug\Exceptions->errorHandler(8, 'Trying to get property \'kode\' of non-object', '/Users/babayhalimi/AKU/Project/Eps/eps-web/app/Views/admin/dashboard/reseller_view.php', 45, [...])
 2 SYSTEMPATH/View/View.php(228): include('/Users/babayhalimi/AKU/Project/Eps/eps-web/app/Views/admin/dashboard/reseller_view.php')
 3 SYSTEMPATH/View/View.php(231): CodeIgniter\View\View->CodeIgniter\View\{closure}()
 4 SYSTEMPATH/Common.php(1178): CodeIgniter\View\View->render('admin/dashboard/reseller_view', [], true)
 5 APPPATH/Controllers/Reseller.php(70): view('admin/dashboard/reseller_view', [...])
 6 SYSTEMPATH/CodeIgniter.php(941): App\Controllers\Reseller->GetLaba('ra')
 7 SYSTEMPATH/CodeIgniter.php(502): CodeIgniter\CodeIgniter->runController(Object(App\Controllers\Reseller))
 8 SYSTEMPATH/CodeIgniter.php(361): CodeIgniter\CodeIgniter->handleRequest(null, Object(Config\Cache), false)
 9 FCPATH/index.php(79): CodeIgniter\CodeIgniter->run()
10 SYSTEMPATH/Commands/Server/rewrite.php(47): require_once('/Users/babayhalimi/AKU/Project/Eps/eps-web/public/index.php')
CRITICAL - 2024-04-23 14:20:45 --> ErrorException: Array to string conversion
in APPPATH/Views/admin/dashboard/reseller_view.php on line 45.
 1 APPPATH/Views/admin/dashboard/reseller_view.php(45): CodeIgniter\Debug\Exceptions->errorHandler(8, 'Array to string conversion', '/Users/babayhalimi/AKU/Project/Eps/eps-web/app/Views/admin/dashboard/reseller_view.php', 45, [...])
 2 SYSTEMPATH/View/View.php(228): include('/Users/babayhalimi/AKU/Project/Eps/eps-web/app/Views/admin/dashboard/reseller_view.php')
 3 SYSTEMPATH/View/View.php(231): CodeIgniter\View\View->CodeIgniter\View\{closure}()
 4 SYSTEMPATH/Common.php(1178): CodeIgniter\View\View->render('admin/dashboard/reseller_view', [], true)
 5 APPPATH/Controllers/Reseller.php(70): view('admin/dashboard/reseller_view', [...])
 6 SYSTEMPATH/CodeIgniter.php(941): App\Controllers\Reseller->GetLaba('ra')
 7 SYSTEMPATH/CodeIgniter.php(502): CodeIgniter\CodeIgniter->runController(Object(App\Controllers\Reseller))
 8 SYSTEMPATH/CodeIgniter.php(361): CodeIgniter\CodeIgniter->handleRequest(null, Object(Config\Cache), false)
 9 FCPATH/index.php(79): CodeIgniter\CodeIgniter->run()
10 SYSTEMPATH/Commands/Server/rewrite.php(47): require_once('/Users/babayhalimi/AKU/Project/Eps/eps-web/public/index.php')
CRITICAL - 2024-04-23 14:22:47 --> ErrorException: Undefined index: name
in APPPATH/Views/admin/dashboard/reseller_view.php on line 45.
 1 APPPATH/Views/admin/dashboard/reseller_view.php(45): CodeIgniter\Debug\Exceptions->errorHandler(8, 'Undefined index: name', '/Users/babayhalimi/AKU/Project/Eps/eps-web/app/Views/admin/dashboard/reseller_view.php', 45, [...])
 2 SYSTEMPATH/View/View.php(228): include('/Users/babayhalimi/AKU/Project/Eps/eps-web/app/Views/admin/dashboard/reseller_view.php')
 3 SYSTEMPATH/View/View.php(231): CodeIgniter\View\View->CodeIgniter\View\{closure}()
 4 SYSTEMPATH/Common.php(1178): CodeIgniter\View\View->render('admin/dashboard/reseller_view', [], true)
 5 APPPATH/Controllers/Reseller.php(70): view('admin/dashboard/reseller_view', [...])
 6 SYSTEMPATH/CodeIgniter.php(941): App\Controllers\Reseller->GetLaba('ra')
 7 SYSTEMPATH/CodeIgniter.php(502): CodeIgniter\CodeIgniter->runController(Object(App\Controllers\Reseller))
 8 SYSTEMPATH/CodeIgniter.php(361): CodeIgniter\CodeIgniter->handleRequest(null, Object(Config\Cache), false)
 9 FCPATH/index.php(79): CodeIgniter\CodeIgniter->run()
10 SYSTEMPATH/Commands/Server/rewrite.php(47): require_once('/Users/babayhalimi/AKU/Project/Eps/eps-web/public/index.php')
CRITICAL - 2024-04-23 14:23:09 --> ErrorException: Undefined index: name
in APPPATH/Views/admin/dashboard/reseller_view.php on line 45.
 1 APPPATH/Views/admin/dashboard/reseller_view.php(45): CodeIgniter\Debug\Exceptions->errorHandler(8, 'Undefined index: name', '/Users/babayhalimi/AKU/Project/Eps/eps-web/app/Views/admin/dashboard/reseller_view.php', 45, [...])
 2 SYSTEMPATH/View/View.php(228): include('/Users/babayhalimi/AKU/Project/Eps/eps-web/app/Views/admin/dashboard/reseller_view.php')
 3 SYSTEMPATH/View/View.php(231): CodeIgniter\View\View->CodeIgniter\View\{closure}()
 4 SYSTEMPATH/Common.php(1178): CodeIgniter\View\View->render('admin/dashboard/reseller_view', [], true)
 5 APPPATH/Controllers/Reseller.php(70): view('admin/dashboard/reseller_view', [...])
 6 SYSTEMPATH/CodeIgniter.php(941): App\Controllers\Reseller->GetLaba('re')
 7 SYSTEMPATH/CodeIgniter.php(502): CodeIgniter\CodeIgniter->runController(Object(App\Controllers\Reseller))
 8 SYSTEMPATH/CodeIgniter.php(361): CodeIgniter\CodeIgniter->handleRequest(null, Object(Config\Cache), false)
 9 FCPATH/index.php(79): CodeIgniter\CodeIgniter->run()
10 SYSTEMPATH/Commands/Server/rewrite.php(47): require_once('/Users/babayhalimi/AKU/Project/Eps/eps-web/public/index.php')
CRITICAL - 2024-04-23 14:23:23 --> ErrorException: Undefined index: name
in APPPATH/Views/admin/dashboard/reseller_view.php on line 45.
 1 APPPATH/Views/admin/dashboard/reseller_view.php(45): CodeIgniter\Debug\Exceptions->errorHandler(8, 'Undefined index: name', '/Users/babayhalimi/AKU/Project/Eps/eps-web/app/Views/admin/dashboard/reseller_view.php', 45, [...])
 2 SYSTEMPATH/View/View.php(228): include('/Users/babayhalimi/AKU/Project/Eps/eps-web/app/Views/admin/dashboard/reseller_view.php')
 3 SYSTEMPATH/View/View.php(231): CodeIgniter\View\View->CodeIgniter\View\{closure}()
 4 SYSTEMPATH/Common.php(1178): CodeIgniter\View\View->render('admin/dashboard/reseller_view', [], true)
 5 APPPATH/Controllers/Reseller.php(70): view('admin/dashboard/reseller_view', [...])
 6 SYSTEMPATH/CodeIgniter.php(941): App\Controllers\Reseller->GetLaba('re')
 7 SYSTEMPATH/CodeIgniter.php(502): CodeIgniter\CodeIgniter->runController(Object(App\Controllers\Reseller))
 8 SYSTEMPATH/CodeIgniter.php(361): CodeIgniter\CodeIgniter->handleRequest(null, Object(Config\Cache), false)
 9 FCPATH/index.php(79): CodeIgniter\CodeIgniter->run()
10 SYSTEMPATH/Commands/Server/rewrite.php(47): require_once('/Users/babayhalimi/AKU/Project/Eps/eps-web/public/index.php')
