CRITICAL - 2024-04-19 03:01:34 --> CodeIgniter\View\Exceptions\ViewException: Invalid file: "admin/finance/deposit/transaksi.php"
in SYSTEMPATH/Exceptions/FrameworkException.php on line 39.
 1 SYSTEMPATH/View/View.php(216): CodeIgniter\Exceptions\FrameworkException::forInvalidFile('admin/finance/deposit/transaksi.php')
 2 SYSTEMPATH/Common.php(1178): CodeIgniter\View\View->render('admin/finance/deposit/transaksi', [], true)
 3 APPPATH/Controllers/Finance/Deposit.php(162): view('admin/finance/deposit/transaksi', [...])
 4 SYSTEMPATH/CodeIgniter.php(941): App\Controllers\Finance\Deposit->DataTransaksi()
 5 SYSTEMPATH/CodeIgniter.php(502): CodeIgniter\CodeIgniter->runController(Object(App\Controllers\Finance\Deposit))
 6 SYSTEMPATH/CodeIgniter.php(361): CodeIgniter\CodeIgniter->handleRequest(null, Object(Config\Cache), false)
 7 FCPATH/index.php(79): CodeIgniter\CodeIgniter->run()
 8 SYSTEMPATH/Commands/Server/rewrite.php(47): require_once('/Users/babayhalimi/AKU/Project/Eps/eps-web/public/index.php')
CRITICAL - 2024-04-19 03:36:36 --> CodeIgniter\View\Exceptions\ViewException: Invalid file: "admin/finance/deposit/transaksi.php"
in SYSTEMPATH/Exceptions/FrameworkException.php on line 39.
 1 SYSTEMPATH/View/View.php(216): CodeIgniter\Exceptions\FrameworkException::forInvalidFile('admin/finance/deposit/transaksi.php')
 2 SYSTEMPATH/Common.php(1178): CodeIgniter\View\View->render('admin/finance/deposit/transaksi', [], true)
 3 APPPATH/Controllers/Finance/Deposit.php(162): view('admin/finance/deposit/transaksi', [...])
 4 SYSTEMPATH/CodeIgniter.php(941): App\Controllers\Finance\Deposit->DataTransaksi()
 5 SYSTEMPATH/CodeIgniter.php(502): CodeIgniter\CodeIgniter->runController(Object(App\Controllers\Finance\Deposit))
 6 SYSTEMPATH/CodeIgniter.php(361): CodeIgniter\CodeIgniter->handleRequest(null, Object(Config\Cache), false)
 7 FCPATH/index.php(79): CodeIgniter\CodeIgniter->run()
 8 SYSTEMPATH/Commands/Server/rewrite.php(47): require_once('/Users/babayhalimi/AKU/Project/Eps/eps-web/public/index.php')
CRITICAL - 2024-04-19 03:36:37 --> CodeIgniter\View\Exceptions\ViewException: Invalid file: "admin/finance/deposit/transaksi.php"
in SYSTEMPATH/Exceptions/FrameworkException.php on line 39.
 1 SYSTEMPATH/View/View.php(216): CodeIgniter\Exceptions\FrameworkException::forInvalidFile('admin/finance/deposit/transaksi.php')
 2 SYSTEMPATH/Common.php(1178): CodeIgniter\View\View->render('admin/finance/deposit/transaksi', [], true)
 3 APPPATH/Controllers/Finance/Deposit.php(162): view('admin/finance/deposit/transaksi', [...])
 4 SYSTEMPATH/CodeIgniter.php(941): App\Controllers\Finance\Deposit->DataTransaksi()
 5 SYSTEMPATH/CodeIgniter.php(502): CodeIgniter\CodeIgniter->runController(Object(App\Controllers\Finance\Deposit))
 6 SYSTEMPATH/CodeIgniter.php(361): CodeIgniter\CodeIgniter->handleRequest(null, Object(Config\Cache), false)
 7 FCPATH/index.php(79): CodeIgniter\CodeIgniter->run()
 8 SYSTEMPATH/Commands/Server/rewrite.php(47): require_once('/Users/babayhalimi/AKU/Project/Eps/eps-web/public/index.php')
CRITICAL - 2024-04-19 03:42:38 --> CodeIgniter\View\Exceptions\ViewException: Invalid file: "admin/finance/supplier/view.php"
in SYSTEMPATH/Exceptions/FrameworkException.php on line 39.
 1 SYSTEMPATH/View/View.php(216): CodeIgniter\Exceptions\FrameworkException::forInvalidFile('admin/finance/supplier/view.php')
 2 SYSTEMPATH/Common.php(1178): CodeIgniter\View\View->render('admin/finance/supplier/view', [], true)
 3 APPPATH/Controllers/Finance/Supplier.php(36): view('admin/finance/supplier/view', [...])
 4 SYSTEMPATH/CodeIgniter.php(941): App\Controllers\Finance\Supplier->GetAll()
 5 SYSTEMPATH/CodeIgniter.php(502): CodeIgniter\CodeIgniter->runController(Object(App\Controllers\Finance\Supplier))
 6 SYSTEMPATH/CodeIgniter.php(361): CodeIgniter\CodeIgniter->handleRequest(null, Object(Config\Cache), false)
 7 FCPATH/index.php(79): CodeIgniter\CodeIgniter->run()
 8 SYSTEMPATH/Commands/Server/rewrite.php(47): require_once('/Users/babayhalimi/AKU/Project/Eps/eps-web/public/index.php')
CRITICAL - 2024-04-19 03:42:39 --> CodeIgniter\View\Exceptions\ViewException: Invalid file: "admin/finance/supplier/view.php"
in SYSTEMPATH/Exceptions/FrameworkException.php on line 39.
 1 SYSTEMPATH/View/View.php(216): CodeIgniter\Exceptions\FrameworkException::forInvalidFile('admin/finance/supplier/view.php')
 2 SYSTEMPATH/Common.php(1178): CodeIgniter\View\View->render('admin/finance/supplier/view', [], true)
 3 APPPATH/Controllers/Finance/Supplier.php(36): view('admin/finance/supplier/view', [...])
 4 SYSTEMPATH/CodeIgniter.php(941): App\Controllers\Finance\Supplier->GetAll()
 5 SYSTEMPATH/CodeIgniter.php(502): CodeIgniter\CodeIgniter->runController(Object(App\Controllers\Finance\Supplier))
 6 SYSTEMPATH/CodeIgniter.php(361): CodeIgniter\CodeIgniter->handleRequest(null, Object(Config\Cache), false)
 7 FCPATH/index.php(79): CodeIgniter\CodeIgniter->run()
 8 SYSTEMPATH/Commands/Server/rewrite.php(47): require_once('/Users/babayhalimi/AKU/Project/Eps/eps-web/public/index.php')
