CRITICAL - 2024-05-31 14:12:29 --> CodeIgniter\View\Exceptions\ViewException: Invalid file: "admin/dashboard/welcome.view"
in SYSTEMPATH/Exceptions/FrameworkException.php on line 39.
 1 SYSTEMPATH/View/View.php(216): CodeIgniter\Exceptions\FrameworkException::forInvalidFile('admin/dashboard/welcome.view')
 2 SYSTEMPATH/Common.php(1178): CodeIgniter\View\View->render('admin/dashboard/welcome.view', [], true)
 3 APPPATH/Controllers/Home.php(12): view('admin/dashboard/welcome.view')
 4 SYSTEMPATH/CodeIgniter.php(941): App\Controllers\Home->index()
 5 SYSTEMPATH/CodeIgniter.php(502): CodeIgniter\CodeIgniter->runController(Object(App\Controllers\Home))
 6 SYSTEMPATH/CodeIgniter.php(361): CodeIgniter\CodeIgniter->handleRequest(null, Object(Config\Cache), false)
 7 FCPATH/index.php(79): CodeIgniter\CodeIgniter->run()
 8 SYSTEMPATH/Commands/Server/rewrite.php(47): require_once('/Users/babayhalimi/AKU/Project/Eps/eps-web/public/index.php')
CRITICAL - 2024-05-31 14:12:44 --> CodeIgniter\View\Exceptions\ViewException: Invalid file: "admin/dashboard/welcome.view"
in SYSTEMPATH/Exceptions/FrameworkException.php on line 39.
 1 SYSTEMPATH/View/View.php(216): CodeIgniter\Exceptions\FrameworkException::forInvalidFile('admin/dashboard/welcome.view')
 2 SYSTEMPATH/Common.php(1178): CodeIgniter\View\View->render('admin/dashboard/welcome.view', [], true)
 3 APPPATH/Controllers/Home.php(12): view('admin/dashboard/welcome.view')
 4 SYSTEMPATH/CodeIgniter.php(941): App\Controllers\Home->index()
 5 SYSTEMPATH/CodeIgniter.php(502): CodeIgniter\CodeIgniter->runController(Object(App\Controllers\Home))
 6 SYSTEMPATH/CodeIgniter.php(361): CodeIgniter\CodeIgniter->handleRequest(null, Object(Config\Cache), false)
 7 FCPATH/index.php(79): CodeIgniter\CodeIgniter->run()
 8 SYSTEMPATH/Commands/Server/rewrite.php(47): require_once('/Users/babayhalimi/AKU/Project/Eps/eps-web/public/index.php')
CRITICAL - 2024-05-31 14:13:37 --> CodeIgniter\View\Exceptions\ViewException: Invalid file: "admin/dashboard/welcome.view"
in SYSTEMPATH/Exceptions/FrameworkException.php on line 39.
 1 SYSTEMPATH/View/View.php(216): CodeIgniter\Exceptions\FrameworkException::forInvalidFile('admin/dashboard/welcome.view')
 2 SYSTEMPATH/Common.php(1178): CodeIgniter\View\View->render('admin/dashboard/welcome.view', [], true)
 3 APPPATH/Controllers/Home.php(12): view('admin/dashboard/welcome.view')
 4 SYSTEMPATH/CodeIgniter.php(941): App\Controllers\Home->index()
 5 SYSTEMPATH/CodeIgniter.php(502): CodeIgniter\CodeIgniter->runController(Object(App\Controllers\Home))
 6 SYSTEMPATH/CodeIgniter.php(361): CodeIgniter\CodeIgniter->handleRequest(null, Object(Config\Cache), false)
 7 FCPATH/index.php(79): CodeIgniter\CodeIgniter->run()
 8 SYSTEMPATH/Commands/Server/rewrite.php(47): require_once('/Users/babayhalimi/AKU/Project/Eps/eps-web/public/index.php')
CRITICAL - 2024-05-31 14:13:38 --> CodeIgniter\View\Exceptions\ViewException: Invalid file: "admin/dashboard/welcome.view"
in SYSTEMPATH/Exceptions/FrameworkException.php on line 39.
 1 SYSTEMPATH/View/View.php(216): CodeIgniter\Exceptions\FrameworkException::forInvalidFile('admin/dashboard/welcome.view')
 2 SYSTEMPATH/Common.php(1178): CodeIgniter\View\View->render('admin/dashboard/welcome.view', [], true)
 3 APPPATH/Controllers/Home.php(12): view('admin/dashboard/welcome.view')
 4 SYSTEMPATH/CodeIgniter.php(941): App\Controllers\Home->index()
 5 SYSTEMPATH/CodeIgniter.php(502): CodeIgniter\CodeIgniter->runController(Object(App\Controllers\Home))
 6 SYSTEMPATH/CodeIgniter.php(361): CodeIgniter\CodeIgniter->handleRequest(null, Object(Config\Cache), false)
 7 FCPATH/index.php(79): CodeIgniter\CodeIgniter->run()
 8 SYSTEMPATH/Commands/Server/rewrite.php(47): require_once('/Users/babayhalimi/AKU/Project/Eps/eps-web/public/index.php')
CRITICAL - 2024-05-31 14:13:47 --> CodeIgniter\View\Exceptions\ViewException: Invalid file: "admin/dashboard/welcome.view"
in SYSTEMPATH/Exceptions/FrameworkException.php on line 39.
 1 SYSTEMPATH/View/View.php(216): CodeIgniter\Exceptions\FrameworkException::forInvalidFile('admin/dashboard/welcome.view')
 2 SYSTEMPATH/Common.php(1178): CodeIgniter\View\View->render('admin/dashboard/welcome.view', [], true)
 3 APPPATH/Controllers/Home.php(12): view('admin/dashboard/welcome.view')
 4 SYSTEMPATH/CodeIgniter.php(941): App\Controllers\Home->index()
 5 SYSTEMPATH/CodeIgniter.php(502): CodeIgniter\CodeIgniter->runController(Object(App\Controllers\Home))
 6 SYSTEMPATH/CodeIgniter.php(361): CodeIgniter\CodeIgniter->handleRequest(null, Object(Config\Cache), false)
 7 FCPATH/index.php(79): CodeIgniter\CodeIgniter->run()
 8 SYSTEMPATH/Commands/Server/rewrite.php(47): require_once('/Users/babayhalimi/AKU/Project/Eps/eps-web/public/index.php')
