CRITICAL - 2024-04-29 03:48:58 --> ErrorException: Undefined index: nama
in APPPATH/Views/admin/dashboard/reseller_view.php on line 55.
 1 APPPATH/Views/admin/dashboard/reseller_view.php(55): CodeIgniter\Debug\Exceptions->errorHandler(8, 'Undefined index: nama', '/Users/babayhalimi/AKU/Project/Eps/eps-web/app/Views/admin/dashboard/reseller_view.php', 55, [...])
 2 SYSTEMPATH/View/View.php(228): include('/Users/babayhalimi/AKU/Project/Eps/eps-web/app/Views/admin/dashboard/reseller_view.php')
 3 SYSTEMPATH/View/View.php(231): CodeIgniter\View\View->CodeIgniter\View\{closure}()
 4 SYSTEMPATH/Common.php(1178): CodeIgniter\View\View->render('admin/dashboard/reseller_view', [], true)
 5 APPPATH/Controllers/Reseller.php(70): view('admin/dashboard/reseller_view', [...])
 6 SYSTEMPATH/CodeIgniter.php(941): App\Controllers\Reseller->GetLaba('ra')
 7 SYSTEMPATH/CodeIgniter.php(502): CodeIgniter\CodeIgniter->runController(Object(App\Controllers\Reseller))
 8 SYSTEMPATH/CodeIgniter.php(361): CodeIgniter\CodeIgniter->handleRequest(null, Object(Config\Cache), false)
 9 FCPATH/index.php(79): CodeIgniter\CodeIgniter->run()
10 SYSTEMPATH/Commands/Server/rewrite.php(47): require_once('/Users/babayhalimi/AKU/Project/Eps/eps-web/public/index.php')
CRITICAL - 2024-04-29 03:49:06 --> ErrorException: Undefined index: nama
in APPPATH/Views/admin/dashboard/reseller_view.php on line 55.
 1 APPPATH/Views/admin/dashboard/reseller_view.php(55): CodeIgniter\Debug\Exceptions->errorHandler(8, 'Undefined index: nama', '/Users/babayhalimi/AKU/Project/Eps/eps-web/app/Views/admin/dashboard/reseller_view.php', 55, [...])
 2 SYSTEMPATH/View/View.php(228): include('/Users/babayhalimi/AKU/Project/Eps/eps-web/app/Views/admin/dashboard/reseller_view.php')
 3 SYSTEMPATH/View/View.php(231): CodeIgniter\View\View->CodeIgniter\View\{closure}()
 4 SYSTEMPATH/Common.php(1178): CodeIgniter\View\View->render('admin/dashboard/reseller_view', [], true)
 5 APPPATH/Controllers/Reseller.php(70): view('admin/dashboard/reseller_view', [...])
 6 SYSTEMPATH/CodeIgniter.php(941): App\Controllers\Reseller->GetLaba('ra')
 7 SYSTEMPATH/CodeIgniter.php(502): CodeIgniter\CodeIgniter->runController(Object(App\Controllers\Reseller))
 8 SYSTEMPATH/CodeIgniter.php(361): CodeIgniter\CodeIgniter->handleRequest(null, Object(Config\Cache), false)
 9 FCPATH/index.php(79): CodeIgniter\CodeIgniter->run()
10 SYSTEMPATH/Commands/Server/rewrite.php(47): require_once('/Users/babayhalimi/AKU/Project/Eps/eps-web/public/index.php')
CRITICAL - 2024-04-29 03:57:45 --> ErrorException: Undefined index: tanggal_entri
in APPPATH/Views/admin/dashboard/reseller_view.php on line 105.
 1 APPPATH/Views/admin/dashboard/reseller_view.php(105): CodeIgniter\Debug\Exceptions->errorHandler(8, 'Undefined index: tanggal_entri', '/Users/babayhalimi/AKU/Project/Eps/eps-web/app/Views/admin/dashboard/reseller_view.php', 105, [...])
 2 SYSTEMPATH/View/View.php(228): include('/Users/babayhalimi/AKU/Project/Eps/eps-web/app/Views/admin/dashboard/reseller_view.php')
 3 SYSTEMPATH/View/View.php(231): CodeIgniter\View\View->CodeIgniter\View\{closure}()
 4 SYSTEMPATH/Common.php(1178): CodeIgniter\View\View->render('admin/dashboard/reseller_view', [], true)
 5 APPPATH/Controllers/Reseller.php(70): view('admin/dashboard/reseller_view', [...])
 6 SYSTEMPATH/CodeIgniter.php(941): App\Controllers\Reseller->GetLaba('ra')
 7 SYSTEMPATH/CodeIgniter.php(502): CodeIgniter\CodeIgniter->runController(Object(App\Controllers\Reseller))
 8 SYSTEMPATH/CodeIgniter.php(361): CodeIgniter\CodeIgniter->handleRequest(null, Object(Config\Cache), false)
 9 FCPATH/index.php(79): CodeIgniter\CodeIgniter->run()
10 SYSTEMPATH/Commands/Server/rewrite.php(47): require_once('/Users/babayhalimi/AKU/Project/Eps/eps-web/public/index.php')
