CRITICAL - 2024-05-28 07:43:20 --> ErrorException: Undefined variable: session
in APPPATH/Views/admin/layout/template_new.php on line 107.
 1 APPPATH/Views/admin/layout/template_new.php(107): CodeIgniter\Debug\Exceptions->errorHandler(8, 'Undefined variable: session', '/Users/babayhalimi/AKU/Project/Eps/eps-web/app/Views/admin/layout/template_new.php', 107, [...])
 2 SYSTEMPATH/View/View.php(228): include('/Users/babayhalimi/AKU/Project/Eps/eps-web/app/Views/admin/layout/template_new.php')
 3 SYSTEMPATH/View/View.php(231): CodeIgniter\View\View->CodeIgniter\View\{closure}()
 4 SYSTEMPATH/View/View.php(244): CodeIgniter\View\View->render('admin/layout/template_new', [], true)
 5 SYSTEMPATH/Common.php(1178): CodeIgniter\View\View->render('admin/dashboard/kpi_view', [], true)
 6 APPPATH/Controllers/Kpi.php(78): view('admin/dashboard/kpi_view', [...])
 7 SYSTEMPATH/CodeIgniter.php(941): App\Controllers\Kpi->index()
 8 SYSTEMPATH/CodeIgniter.php(502): CodeIgniter\CodeIgniter->runController(Object(App\Controllers\Kpi))
 9 SYSTEMPATH/CodeIgniter.php(361): CodeIgniter\CodeIgniter->handleRequest(null, Object(Config\Cache), false)
10 FCPATH/index.php(79): CodeIgniter\CodeIgniter->run()
11 SYSTEMPATH/Commands/Server/rewrite.php(47): require_once('/Users/babayhalimi/AKU/Project/Eps/eps-web/public/index.php')
CRITICAL - 2024-05-28 07:43:40 --> ErrorException: Undefined property: CodeIgniter\View\View::$session
in APPPATH/Views/admin/layout/template_new.php on line 107.
 1 APPPATH/Views/admin/layout/template_new.php(107): CodeIgniter\Debug\Exceptions->errorHandler(8, 'Undefined property: CodeIgniter\\View\\View::$session', '/Users/babayhalimi/AKU/Project/Eps/eps-web/app/Views/admin/layout/template_new.php', 107, [...])
 2 SYSTEMPATH/View/View.php(228): include('/Users/babayhalimi/AKU/Project/Eps/eps-web/app/Views/admin/layout/template_new.php')
 3 SYSTEMPATH/View/View.php(231): CodeIgniter\View\View->CodeIgniter\View\{closure}()
 4 SYSTEMPATH/View/View.php(244): CodeIgniter\View\View->render('admin/layout/template_new', [], true)
 5 SYSTEMPATH/Common.php(1178): CodeIgniter\View\View->render('admin/dashboard/kpi_view', [], true)
 6 APPPATH/Controllers/Kpi.php(78): view('admin/dashboard/kpi_view', [...])
 7 SYSTEMPATH/CodeIgniter.php(941): App\Controllers\Kpi->index()
 8 SYSTEMPATH/CodeIgniter.php(502): CodeIgniter\CodeIgniter->runController(Object(App\Controllers\Kpi))
 9 SYSTEMPATH/CodeIgniter.php(361): CodeIgniter\CodeIgniter->handleRequest(null, Object(Config\Cache), false)
10 FCPATH/index.php(79): CodeIgniter\CodeIgniter->run()
11 SYSTEMPATH/Commands/Server/rewrite.php(47): require_once('/Users/babayhalimi/AKU/Project/Eps/eps-web/public/index.php')
CRITICAL - 2024-05-28 07:44:59 --> Error: Cannot use object of type CodeIgniter\Session\Session as array
in APPPATH/Views/admin/layout/template_new.php on line 108.
 1 SYSTEMPATH/View/View.php(228): include()
 2 SYSTEMPATH/View/View.php(231): CodeIgniter\View\View->CodeIgniter\View\{closure}()
 3 SYSTEMPATH/View/View.php(244): CodeIgniter\View\View->render('admin/layout/template_new', [], true)
 4 SYSTEMPATH/Common.php(1178): CodeIgniter\View\View->render('admin/dashboard/kpi_view', [], true)
 5 APPPATH/Controllers/Kpi.php(78): view('admin/dashboard/kpi_view', [...])
 6 SYSTEMPATH/CodeIgniter.php(941): App\Controllers\Kpi->index()
 7 SYSTEMPATH/CodeIgniter.php(502): CodeIgniter\CodeIgniter->runController(Object(App\Controllers\Kpi))
 8 SYSTEMPATH/CodeIgniter.php(361): CodeIgniter\CodeIgniter->handleRequest(null, Object(Config\Cache), false)
 9 FCPATH/index.php(79): CodeIgniter\CodeIgniter->run()
10 SYSTEMPATH/Commands/Server/rewrite.php(47): require_once('/Users/babayhalimi/AKU/Project/Eps/eps-web/public/index.php')
CRITICAL - 2024-05-28 08:34:26 --> Error: Cannot use object of type CodeIgniter\Session\Session as array
in APPPATH/Views/admin/layout/template_new.php on line 109.
 1 SYSTEMPATH/View/View.php(228): include()
 2 SYSTEMPATH/View/View.php(231): CodeIgniter\View\View->CodeIgniter\View\{closure}()
 3 SYSTEMPATH/View/View.php(244): CodeIgniter\View\View->render('admin/layout/template_new', [], true)
 4 SYSTEMPATH/Common.php(1178): CodeIgniter\View\View->render('admin/dashboard/kpi_view', [], true)
 5 APPPATH/Controllers/Kpi.php(78): view('admin/dashboard/kpi_view', [...])
 6 SYSTEMPATH/CodeIgniter.php(941): App\Controllers\Kpi->index()
 7 SYSTEMPATH/CodeIgniter.php(502): CodeIgniter\CodeIgniter->runController(Object(App\Controllers\Kpi))
 8 SYSTEMPATH/CodeIgniter.php(361): CodeIgniter\CodeIgniter->handleRequest(null, Object(Config\Cache), false)
 9 FCPATH/index.php(79): CodeIgniter\CodeIgniter->run()
10 SYSTEMPATH/Commands/Server/rewrite.php(47): require_once('/Users/babayhalimi/AKU/Project/Eps/eps-web/public/index.php')
